<?xml version="1.0" encoding="UTF-8"?>
<testng-results ignored="0" total="145" passed="51" failed="94" skipped="0">
  <reporter-output>
  </reporter-output>
  <suite started-at="2024-06-24T17:15:55 IST" name="Suite" finished-at="2024-06-24T17:16:15 IST" duration-ms="19073">
    <groups>
    </groups>
    <test started-at="2024-06-24T17:15:55 IST" name="Test" finished-at="2024-06-24T17:16:15 IST" duration-ms="19073">
      <class name="com.bce.api.test.EmployeeDDTests">
        <test-method signature="testCreateEmployee(java.lang.String,java.lang.String,java.lang.String,java.lang.String)[pri:1, instance:com.bce.api.test.EmployeeDDTests@313ac989]" started-at="2024-06-24T17:16:03 IST" name="testCreateEmployee" data-provider="Data" finished-at="2024-06-24T17:16:06 IST" duration-ms="2831" status="PASS">
          <params>
            <param index="0">
              <value>
                <![CDATA[1]]>
              </value>
            </param>
            <param index="1">
              <value>
                <![CDATA[Narottam1]]>
              </value>
            </param>
            <param index="2">
              <value>
                <![CDATA[Singh]]>
              </value>
            </param>
            <param index="3">
              <value>
                <![CDATA[narottam1@gmail.com]]>
              </value>
            </param>
          </params>
          <reporter-output>
          </reporter-output>
        </test-method> <!-- testCreateEmployee -->
        <test-method signature="testCreateEmployee(java.lang.String,java.lang.String,java.lang.String,java.lang.String)[pri:1, instance:com.bce.api.test.EmployeeDDTests@313ac989]" started-at="2024-06-24T17:16:06 IST" name="testCreateEmployee" data-provider="Data" finished-at="2024-06-24T17:16:06 IST" duration-ms="50" status="PASS">
          <params>
            <param index="0">
              <value>
                <![CDATA[2]]>
              </value>
            </param>
            <param index="1">
              <value>
                <![CDATA[Bharti1]]>
              </value>
            </param>
            <param index="2">
              <value>
                <![CDATA[Singh]]>
              </value>
            </param>
            <param index="3">
              <value>
                <![CDATA[bharti1@gmail.com]]>
              </value>
            </param>
          </params>
          <reporter-output>
          </reporter-output>
        </test-method> <!-- testCreateEmployee -->
        <test-method signature="testCreateEmployee(java.lang.String,java.lang.String,java.lang.String,java.lang.String)[pri:1, instance:com.bce.api.test.EmployeeDDTests@313ac989]" started-at="2024-06-24T17:16:06 IST" name="testCreateEmployee" data-provider="Data" finished-at="2024-06-24T17:16:06 IST" duration-ms="67" status="PASS">
          <params>
            <param index="0">
              <value>
                <![CDATA[3]]>
              </value>
            </param>
            <param index="1">
              <value>
                <![CDATA[Narottam2]]>
              </value>
            </param>
            <param index="2">
              <value>
                <![CDATA[Singh]]>
              </value>
            </param>
            <param index="3">
              <value>
                <![CDATA[narottam2@gmail.com]]>
              </value>
            </param>
          </params>
          <reporter-output>
          </reporter-output>
        </test-method> <!-- testCreateEmployee -->
        <test-method signature="testCreateEmployee(java.lang.String,java.lang.String,java.lang.String,java.lang.String)[pri:1, instance:com.bce.api.test.EmployeeDDTests@313ac989]" started-at="2024-06-24T17:16:06 IST" name="testCreateEmployee" data-provider="Data" finished-at="2024-06-24T17:16:06 IST" duration-ms="73" status="PASS">
          <params>
            <param index="0">
              <value>
                <![CDATA[4]]>
              </value>
            </param>
            <param index="1">
              <value>
                <![CDATA[Bharti2]]>
              </value>
            </param>
            <param index="2">
              <value>
                <![CDATA[Singh]]>
              </value>
            </param>
            <param index="3">
              <value>
                <![CDATA[bharti2@gmail.com]]>
              </value>
            </param>
          </params>
          <reporter-output>
          </reporter-output>
        </test-method> <!-- testCreateEmployee -->
        <test-method signature="testCreateEmployee(java.lang.String,java.lang.String,java.lang.String,java.lang.String)[pri:1, instance:com.bce.api.test.EmployeeDDTests@313ac989]" started-at="2024-06-24T17:16:06 IST" name="testCreateEmployee" data-provider="Data" finished-at="2024-06-24T17:16:06 IST" duration-ms="34" status="PASS">
          <params>
            <param index="0">
              <value>
                <![CDATA[5]]>
              </value>
            </param>
            <param index="1">
              <value>
                <![CDATA[Narottam2]]>
              </value>
            </param>
            <param index="2">
              <value>
                <![CDATA[Singh]]>
              </value>
            </param>
            <param index="3">
              <value>
                <![CDATA[narottam1@gmail.com]]>
              </value>
            </param>
          </params>
          <reporter-output>
          </reporter-output>
        </test-method> <!-- testCreateEmployee -->
        <test-method signature="testCreateEmployee(java.lang.String,java.lang.String,java.lang.String,java.lang.String)[pri:1, instance:com.bce.api.test.EmployeeDDTests@313ac989]" started-at="2024-06-24T17:16:06 IST" name="testCreateEmployee" data-provider="Data" finished-at="2024-06-24T17:16:06 IST" duration-ms="44" status="PASS">
          <params>
            <param index="0">
              <value>
                <![CDATA[6]]>
              </value>
            </param>
            <param index="1">
              <value>
                <![CDATA[Bharti2]]>
              </value>
            </param>
            <param index="2">
              <value>
                <![CDATA[Singh]]>
              </value>
            </param>
            <param index="3">
              <value>
                <![CDATA[bharti1@gmail.com]]>
              </value>
            </param>
          </params>
          <reporter-output>
          </reporter-output>
        </test-method> <!-- testCreateEmployee -->
        <test-method signature="testCreateEmployee(java.lang.String,java.lang.String,java.lang.String,java.lang.String)[pri:1, instance:com.bce.api.test.EmployeeDDTests@313ac989]" started-at="2024-06-24T17:16:06 IST" name="testCreateEmployee" data-provider="Data" finished-at="2024-06-24T17:16:06 IST" duration-ms="44" status="PASS">
          <params>
            <param index="0">
              <value>
                <![CDATA[7]]>
              </value>
            </param>
            <param index="1">
              <value>
                <![CDATA[Narottam3]]>
              </value>
            </param>
            <param index="2">
              <value>
                <![CDATA[Singh]]>
              </value>
            </param>
            <param index="3">
              <value>
                <![CDATA[narottam2@gmail.com]]>
              </value>
            </param>
          </params>
          <reporter-output>
          </reporter-output>
        </test-method> <!-- testCreateEmployee -->
        <test-method signature="testCreateEmployee(java.lang.String,java.lang.String,java.lang.String,java.lang.String)[pri:1, instance:com.bce.api.test.EmployeeDDTests@313ac989]" started-at="2024-06-24T17:16:06 IST" name="testCreateEmployee" data-provider="Data" finished-at="2024-06-24T17:16:06 IST" duration-ms="36" status="PASS">
          <params>
            <param index="0">
              <value>
                <![CDATA[8]]>
              </value>
            </param>
            <param index="1">
              <value>
                <![CDATA[Bharti3]]>
              </value>
            </param>
            <param index="2">
              <value>
                <![CDATA[Singh]]>
              </value>
            </param>
            <param index="3">
              <value>
                <![CDATA[bharti2@gmail.com]]>
              </value>
            </param>
          </params>
          <reporter-output>
          </reporter-output>
        </test-method> <!-- testCreateEmployee -->
        <test-method signature="testCreateEmployee(java.lang.String,java.lang.String,java.lang.String,java.lang.String)[pri:1, instance:com.bce.api.test.EmployeeDDTests@313ac989]" started-at="2024-06-24T17:16:06 IST" name="testCreateEmployee" data-provider="Data" finished-at="2024-06-24T17:16:06 IST" duration-ms="25" status="PASS">
          <params>
            <param index="0">
              <value>
                <![CDATA[9]]>
              </value>
            </param>
            <param index="1">
              <value>
                <![CDATA[Narottam3]]>
              </value>
            </param>
            <param index="2">
              <value>
                <![CDATA[Singh]]>
              </value>
            </param>
            <param index="3">
              <value>
                <![CDATA[narottam1@gmail.com]]>
              </value>
            </param>
          </params>
          <reporter-output>
          </reporter-output>
        </test-method> <!-- testCreateEmployee -->
        <test-method signature="testCreateEmployee(java.lang.String,java.lang.String,java.lang.String,java.lang.String)[pri:1, instance:com.bce.api.test.EmployeeDDTests@313ac989]" started-at="2024-06-24T17:16:06 IST" name="testCreateEmployee" data-provider="Data" finished-at="2024-06-24T17:16:06 IST" duration-ms="26" status="PASS">
          <params>
            <param index="0">
              <value>
                <![CDATA[10]]>
              </value>
            </param>
            <param index="1">
              <value>
                <![CDATA[Bharti3]]>
              </value>
            </param>
            <param index="2">
              <value>
                <![CDATA[Singh]]>
              </value>
            </param>
            <param index="3">
              <value>
                <![CDATA[bharti1@gmail.com]]>
              </value>
            </param>
          </params>
          <reporter-output>
          </reporter-output>
        </test-method> <!-- testCreateEmployee -->
        <test-method signature="testCreateEmployee(java.lang.String,java.lang.String,java.lang.String,java.lang.String)[pri:1, instance:com.bce.api.test.EmployeeDDTests@313ac989]" started-at="2024-06-24T17:16:06 IST" name="testCreateEmployee" data-provider="Data" finished-at="2024-06-24T17:16:06 IST" duration-ms="27" status="PASS">
          <params>
            <param index="0">
              <value>
                <![CDATA[11]]>
              </value>
            </param>
            <param index="1">
              <value>
                <![CDATA[Narottam4]]>
              </value>
            </param>
            <param index="2">
              <value>
                <![CDATA[Singh]]>
              </value>
            </param>
            <param index="3">
              <value>
                <![CDATA[narottam2@gmail.com]]>
              </value>
            </param>
          </params>
          <reporter-output>
          </reporter-output>
        </test-method> <!-- testCreateEmployee -->
        <test-method signature="testCreateEmployee(java.lang.String,java.lang.String,java.lang.String,java.lang.String)[pri:1, instance:com.bce.api.test.EmployeeDDTests@313ac989]" started-at="2024-06-24T17:16:06 IST" name="testCreateEmployee" data-provider="Data" finished-at="2024-06-24T17:16:06 IST" duration-ms="34" status="PASS">
          <params>
            <param index="0">
              <value>
                <![CDATA[12]]>
              </value>
            </param>
            <param index="1">
              <value>
                <![CDATA[Bharti4]]>
              </value>
            </param>
            <param index="2">
              <value>
                <![CDATA[Singh]]>
              </value>
            </param>
            <param index="3">
              <value>
                <![CDATA[bharti2@gmail.com]]>
              </value>
            </param>
          </params>
          <reporter-output>
          </reporter-output>
        </test-method> <!-- testCreateEmployee -->
        <test-method signature="testCreateEmployee(java.lang.String,java.lang.String,java.lang.String,java.lang.String)[pri:1, instance:com.bce.api.test.EmployeeDDTests@313ac989]" started-at="2024-06-24T17:16:06 IST" name="testCreateEmployee" data-provider="Data" finished-at="2024-06-24T17:16:06 IST" duration-ms="52" status="PASS">
          <params>
            <param index="0">
              <value>
                <![CDATA[13]]>
              </value>
            </param>
            <param index="1">
              <value>
                <![CDATA[Narottam4]]>
              </value>
            </param>
            <param index="2">
              <value>
                <![CDATA[Singh]]>
              </value>
            </param>
            <param index="3">
              <value>
                <![CDATA[narottam1@gmail.com]]>
              </value>
            </param>
          </params>
          <reporter-output>
          </reporter-output>
        </test-method> <!-- testCreateEmployee -->
        <test-method signature="testCreateEmployee(java.lang.String,java.lang.String,java.lang.String,java.lang.String)[pri:1, instance:com.bce.api.test.EmployeeDDTests@313ac989]" started-at="2024-06-24T17:16:06 IST" name="testCreateEmployee" data-provider="Data" finished-at="2024-06-24T17:16:06 IST" duration-ms="71" status="PASS">
          <params>
            <param index="0">
              <value>
                <![CDATA[14]]>
              </value>
            </param>
            <param index="1">
              <value>
                <![CDATA[Bharti4]]>
              </value>
            </param>
            <param index="2">
              <value>
                <![CDATA[Singh]]>
              </value>
            </param>
            <param index="3">
              <value>
                <![CDATA[bharti1@gmail.com]]>
              </value>
            </param>
          </params>
          <reporter-output>
          </reporter-output>
        </test-method> <!-- testCreateEmployee -->
        <test-method signature="testCreateEmployee(java.lang.String,java.lang.String,java.lang.String,java.lang.String)[pri:1, instance:com.bce.api.test.EmployeeDDTests@313ac989]" started-at="2024-06-24T17:16:06 IST" name="testCreateEmployee" data-provider="Data" finished-at="2024-06-24T17:16:07 IST" duration-ms="79" status="PASS">
          <params>
            <param index="0">
              <value>
                <![CDATA[15]]>
              </value>
            </param>
            <param index="1">
              <value>
                <![CDATA[Narottam5]]>
              </value>
            </param>
            <param index="2">
              <value>
                <![CDATA[Singh]]>
              </value>
            </param>
            <param index="3">
              <value>
                <![CDATA[narottam2@gmail.com]]>
              </value>
            </param>
          </params>
          <reporter-output>
          </reporter-output>
        </test-method> <!-- testCreateEmployee -->
        <test-method signature="testCreateEmployee(java.lang.String,java.lang.String,java.lang.String,java.lang.String)[pri:1, instance:com.bce.api.test.EmployeeDDTests@313ac989]" started-at="2024-06-24T17:16:07 IST" name="testCreateEmployee" data-provider="Data" finished-at="2024-06-24T17:16:07 IST" duration-ms="118" status="PASS">
          <params>
            <param index="0">
              <value>
                <![CDATA[16]]>
              </value>
            </param>
            <param index="1">
              <value>
                <![CDATA[Bharti5]]>
              </value>
            </param>
            <param index="2">
              <value>
                <![CDATA[Singh]]>
              </value>
            </param>
            <param index="3">
              <value>
                <![CDATA[bharti2@gmail.com]]>
              </value>
            </param>
          </params>
          <reporter-output>
          </reporter-output>
        </test-method> <!-- testCreateEmployee -->
        <test-method signature="testCreateEmployee(java.lang.String,java.lang.String,java.lang.String,java.lang.String)[pri:1, instance:com.bce.api.test.EmployeeDDTests@313ac989]" started-at="2024-06-24T17:16:07 IST" name="testCreateEmployee" data-provider="Data" finished-at="2024-06-24T17:16:07 IST" duration-ms="40" status="PASS">
          <params>
            <param index="0">
              <value>
                <![CDATA[17]]>
              </value>
            </param>
            <param index="1">
              <value>
                <![CDATA[Narottam5]]>
              </value>
            </param>
            <param index="2">
              <value>
                <![CDATA[Singh]]>
              </value>
            </param>
            <param index="3">
              <value>
                <![CDATA[narottam1@gmail.com]]>
              </value>
            </param>
          </params>
          <reporter-output>
          </reporter-output>
        </test-method> <!-- testCreateEmployee -->
        <test-method signature="testCreateEmployee(java.lang.String,java.lang.String,java.lang.String,java.lang.String)[pri:1, instance:com.bce.api.test.EmployeeDDTests@313ac989]" started-at="2024-06-24T17:16:07 IST" name="testCreateEmployee" data-provider="Data" finished-at="2024-06-24T17:16:07 IST" duration-ms="52" status="PASS">
          <params>
            <param index="0">
              <value>
                <![CDATA[18]]>
              </value>
            </param>
            <param index="1">
              <value>
                <![CDATA[Bharti5]]>
              </value>
            </param>
            <param index="2">
              <value>
                <![CDATA[Singh]]>
              </value>
            </param>
            <param index="3">
              <value>
                <![CDATA[bharti1@gmail.com]]>
              </value>
            </param>
          </params>
          <reporter-output>
          </reporter-output>
        </test-method> <!-- testCreateEmployee -->
        <test-method signature="testCreateEmployee(java.lang.String,java.lang.String,java.lang.String,java.lang.String)[pri:1, instance:com.bce.api.test.EmployeeDDTests@313ac989]" started-at="2024-06-24T17:16:07 IST" name="testCreateEmployee" data-provider="Data" finished-at="2024-06-24T17:16:07 IST" duration-ms="45" status="PASS">
          <params>
            <param index="0">
              <value>
                <![CDATA[19]]>
              </value>
            </param>
            <param index="1">
              <value>
                <![CDATA[Narottam6]]>
              </value>
            </param>
            <param index="2">
              <value>
                <![CDATA[Singh]]>
              </value>
            </param>
            <param index="3">
              <value>
                <![CDATA[narottam2@gmail.com]]>
              </value>
            </param>
          </params>
          <reporter-output>
          </reporter-output>
        </test-method> <!-- testCreateEmployee -->
        <test-method signature="testCreateEmployee(java.lang.String,java.lang.String,java.lang.String,java.lang.String)[pri:1, instance:com.bce.api.test.EmployeeDDTests@313ac989]" started-at="2024-06-24T17:16:07 IST" name="testCreateEmployee" data-provider="Data" finished-at="2024-06-24T17:16:07 IST" duration-ms="79" status="PASS">
          <params>
            <param index="0">
              <value>
                <![CDATA[20]]>
              </value>
            </param>
            <param index="1">
              <value>
                <![CDATA[Bharti6]]>
              </value>
            </param>
            <param index="2">
              <value>
                <![CDATA[Singh]]>
              </value>
            </param>
            <param index="3">
              <value>
                <![CDATA[bharti2@gmail.com]]>
              </value>
            </param>
          </params>
          <reporter-output>
          </reporter-output>
        </test-method> <!-- testCreateEmployee -->
        <test-method signature="testCreateEmployee(java.lang.String,java.lang.String,java.lang.String,java.lang.String)[pri:1, instance:com.bce.api.test.EmployeeDDTests@313ac989]" started-at="2024-06-24T17:16:07 IST" name="testCreateEmployee" data-provider="Data" finished-at="2024-06-24T17:16:07 IST" duration-ms="47" status="PASS">
          <params>
            <param index="0">
              <value>
                <![CDATA[21]]>
              </value>
            </param>
            <param index="1">
              <value>
                <![CDATA[Narottam2]]>
              </value>
            </param>
            <param index="2">
              <value>
                <![CDATA[Singh]]>
              </value>
            </param>
            <param index="3">
              <value>
                <![CDATA[narottam1@gmail.com]]>
              </value>
            </param>
          </params>
          <reporter-output>
          </reporter-output>
        </test-method> <!-- testCreateEmployee -->
        <test-method signature="testCreateEmployee(java.lang.String,java.lang.String,java.lang.String,java.lang.String)[pri:1, instance:com.bce.api.test.EmployeeDDTests@313ac989]" started-at="2024-06-24T17:16:07 IST" name="testCreateEmployee" data-provider="Data" finished-at="2024-06-24T17:16:07 IST" duration-ms="25" status="PASS">
          <params>
            <param index="0">
              <value>
                <![CDATA[22]]>
              </value>
            </param>
            <param index="1">
              <value>
                <![CDATA[Bharti2]]>
              </value>
            </param>
            <param index="2">
              <value>
                <![CDATA[Singh]]>
              </value>
            </param>
            <param index="3">
              <value>
                <![CDATA[bharti1@gmail.com]]>
              </value>
            </param>
          </params>
          <reporter-output>
          </reporter-output>
        </test-method> <!-- testCreateEmployee -->
        <test-method signature="testCreateEmployee(java.lang.String,java.lang.String,java.lang.String,java.lang.String)[pri:1, instance:com.bce.api.test.EmployeeDDTests@313ac989]" started-at="2024-06-24T17:16:07 IST" name="testCreateEmployee" data-provider="Data" finished-at="2024-06-24T17:16:07 IST" duration-ms="22" status="PASS">
          <params>
            <param index="0">
              <value>
                <![CDATA[23]]>
              </value>
            </param>
            <param index="1">
              <value>
                <![CDATA[Narottam3]]>
              </value>
            </param>
            <param index="2">
              <value>
                <![CDATA[Singh]]>
              </value>
            </param>
            <param index="3">
              <value>
                <![CDATA[narottam2@gmail.com]]>
              </value>
            </param>
          </params>
          <reporter-output>
          </reporter-output>
        </test-method> <!-- testCreateEmployee -->
        <test-method signature="testCreateEmployee(java.lang.String,java.lang.String,java.lang.String,java.lang.String)[pri:1, instance:com.bce.api.test.EmployeeDDTests@313ac989]" started-at="2024-06-24T17:16:07 IST" name="testCreateEmployee" data-provider="Data" finished-at="2024-06-24T17:16:07 IST" duration-ms="23" status="PASS">
          <params>
            <param index="0">
              <value>
                <![CDATA[24]]>
              </value>
            </param>
            <param index="1">
              <value>
                <![CDATA[Bharti3]]>
              </value>
            </param>
            <param index="2">
              <value>
                <![CDATA[Singh]]>
              </value>
            </param>
            <param index="3">
              <value>
                <![CDATA[bharti2@gmail.com]]>
              </value>
            </param>
          </params>
          <reporter-output>
          </reporter-output>
        </test-method> <!-- testCreateEmployee -->
        <test-method signature="testCreateEmployee(java.lang.String,java.lang.String,java.lang.String,java.lang.String)[pri:1, instance:com.bce.api.test.EmployeeDDTests@313ac989]" started-at="2024-06-24T17:16:07 IST" name="testCreateEmployee" data-provider="Data" finished-at="2024-06-24T17:16:07 IST" duration-ms="24" status="PASS">
          <params>
            <param index="0">
              <value>
                <![CDATA[25]]>
              </value>
            </param>
            <param index="1">
              <value>
                <![CDATA[Narottam3]]>
              </value>
            </param>
            <param index="2">
              <value>
                <![CDATA[Singh]]>
              </value>
            </param>
            <param index="3">
              <value>
                <![CDATA[narottam1@gmail.com]]>
              </value>
            </param>
          </params>
          <reporter-output>
          </reporter-output>
        </test-method> <!-- testCreateEmployee -->
        <test-method signature="testCreateEmployee(java.lang.String,java.lang.String,java.lang.String,java.lang.String)[pri:1, instance:com.bce.api.test.EmployeeDDTests@313ac989]" started-at="2024-06-24T17:16:07 IST" name="testCreateEmployee" data-provider="Data" finished-at="2024-06-24T17:16:07 IST" duration-ms="50" status="PASS">
          <params>
            <param index="0">
              <value>
                <![CDATA[26]]>
              </value>
            </param>
            <param index="1">
              <value>
                <![CDATA[Bharti3]]>
              </value>
            </param>
            <param index="2">
              <value>
                <![CDATA[Singh]]>
              </value>
            </param>
            <param index="3">
              <value>
                <![CDATA[bharti1@gmail.com]]>
              </value>
            </param>
          </params>
          <reporter-output>
          </reporter-output>
        </test-method> <!-- testCreateEmployee -->
        <test-method signature="testCreateEmployee(java.lang.String,java.lang.String,java.lang.String,java.lang.String)[pri:1, instance:com.bce.api.test.EmployeeDDTests@313ac989]" started-at="2024-06-24T17:16:07 IST" name="testCreateEmployee" data-provider="Data" finished-at="2024-06-24T17:16:07 IST" duration-ms="48" status="PASS">
          <params>
            <param index="0">
              <value>
                <![CDATA[27]]>
              </value>
            </param>
            <param index="1">
              <value>
                <![CDATA[Narottam4]]>
              </value>
            </param>
            <param index="2">
              <value>
                <![CDATA[Singh]]>
              </value>
            </param>
            <param index="3">
              <value>
                <![CDATA[narottam2@gmail.com]]>
              </value>
            </param>
          </params>
          <reporter-output>
          </reporter-output>
        </test-method> <!-- testCreateEmployee -->
        <test-method signature="testCreateEmployee(java.lang.String,java.lang.String,java.lang.String,java.lang.String)[pri:1, instance:com.bce.api.test.EmployeeDDTests@313ac989]" started-at="2024-06-24T17:16:07 IST" name="testCreateEmployee" data-provider="Data" finished-at="2024-06-24T17:16:07 IST" duration-ms="26" status="PASS">
          <params>
            <param index="0">
              <value>
                <![CDATA[28]]>
              </value>
            </param>
            <param index="1">
              <value>
                <![CDATA[Bharti4]]>
              </value>
            </param>
            <param index="2">
              <value>
                <![CDATA[Singh]]>
              </value>
            </param>
            <param index="3">
              <value>
                <![CDATA[bharti2@gmail.com]]>
              </value>
            </param>
          </params>
          <reporter-output>
          </reporter-output>
        </test-method> <!-- testCreateEmployee -->
        <test-method signature="testCreateEmployee(java.lang.String,java.lang.String,java.lang.String,java.lang.String)[pri:1, instance:com.bce.api.test.EmployeeDDTests@313ac989]" started-at="2024-06-24T17:16:07 IST" name="testCreateEmployee" data-provider="Data" finished-at="2024-06-24T17:16:07 IST" duration-ms="24" status="PASS">
          <params>
            <param index="0">
              <value>
                <![CDATA[29]]>
              </value>
            </param>
            <param index="1">
              <value>
                <![CDATA[Narottam4]]>
              </value>
            </param>
            <param index="2">
              <value>
                <![CDATA[Singh]]>
              </value>
            </param>
            <param index="3">
              <value>
                <![CDATA[narottam1@gmail.com]]>
              </value>
            </param>
          </params>
          <reporter-output>
          </reporter-output>
        </test-method> <!-- testCreateEmployee -->
        <test-method signature="testCreateEmployee(java.lang.String,java.lang.String,java.lang.String,java.lang.String)[pri:1, instance:com.bce.api.test.EmployeeDDTests@313ac989]" started-at="2024-06-24T17:16:07 IST" name="testCreateEmployee" data-provider="Data" finished-at="2024-06-24T17:16:07 IST" duration-ms="36" status="PASS">
          <params>
            <param index="0">
              <value>
                <![CDATA[30]]>
              </value>
            </param>
            <param index="1">
              <value>
                <![CDATA[Bharti4]]>
              </value>
            </param>
            <param index="2">
              <value>
                <![CDATA[Singh]]>
              </value>
            </param>
            <param index="3">
              <value>
                <![CDATA[bharti1@gmail.com]]>
              </value>
            </param>
          </params>
          <reporter-output>
          </reporter-output>
        </test-method> <!-- testCreateEmployee -->
        <test-method signature="testCreateEmployee(java.lang.String,java.lang.String,java.lang.String,java.lang.String)[pri:1, instance:com.bce.api.test.EmployeeDDTests@313ac989]" started-at="2024-06-24T17:16:07 IST" name="testCreateEmployee" data-provider="Data" finished-at="2024-06-24T17:16:07 IST" duration-ms="42" status="PASS">
          <params>
            <param index="0">
              <value>
                <![CDATA[31]]>
              </value>
            </param>
            <param index="1">
              <value>
                <![CDATA[Narottam5]]>
              </value>
            </param>
            <param index="2">
              <value>
                <![CDATA[Singh]]>
              </value>
            </param>
            <param index="3">
              <value>
                <![CDATA[narottam2@gmail.com]]>
              </value>
            </param>
          </params>
          <reporter-output>
          </reporter-output>
        </test-method> <!-- testCreateEmployee -->
        <test-method signature="testCreateEmployee(java.lang.String,java.lang.String,java.lang.String,java.lang.String)[pri:1, instance:com.bce.api.test.EmployeeDDTests@313ac989]" started-at="2024-06-24T17:16:07 IST" name="testCreateEmployee" data-provider="Data" finished-at="2024-06-24T17:16:07 IST" duration-ms="49" status="PASS">
          <params>
            <param index="0">
              <value>
                <![CDATA[32]]>
              </value>
            </param>
            <param index="1">
              <value>
                <![CDATA[Bharti5]]>
              </value>
            </param>
            <param index="2">
              <value>
                <![CDATA[Singh]]>
              </value>
            </param>
            <param index="3">
              <value>
                <![CDATA[bharti2@gmail.com]]>
              </value>
            </param>
          </params>
          <reporter-output>
          </reporter-output>
        </test-method> <!-- testCreateEmployee -->
        <test-method signature="testCreateEmployee(java.lang.String,java.lang.String,java.lang.String,java.lang.String)[pri:1, instance:com.bce.api.test.EmployeeDDTests@313ac989]" started-at="2024-06-24T17:16:07 IST" name="testCreateEmployee" data-provider="Data" finished-at="2024-06-24T17:16:07 IST" duration-ms="43" status="PASS">
          <params>
            <param index="0">
              <value>
                <![CDATA[33]]>
              </value>
            </param>
            <param index="1">
              <value>
                <![CDATA[Narottam5]]>
              </value>
            </param>
            <param index="2">
              <value>
                <![CDATA[Singh]]>
              </value>
            </param>
            <param index="3">
              <value>
                <![CDATA[narottam1@gmail.com]]>
              </value>
            </param>
          </params>
          <reporter-output>
          </reporter-output>
        </test-method> <!-- testCreateEmployee -->
        <test-method signature="testCreateEmployee(java.lang.String,java.lang.String,java.lang.String,java.lang.String)[pri:1, instance:com.bce.api.test.EmployeeDDTests@313ac989]" started-at="2024-06-24T17:16:07 IST" name="testCreateEmployee" data-provider="Data" finished-at="2024-06-24T17:16:07 IST" duration-ms="23" status="PASS">
          <params>
            <param index="0">
              <value>
                <![CDATA[34]]>
              </value>
            </param>
            <param index="1">
              <value>
                <![CDATA[Bharti5]]>
              </value>
            </param>
            <param index="2">
              <value>
                <![CDATA[Singh]]>
              </value>
            </param>
            <param index="3">
              <value>
                <![CDATA[bharti1@gmail.com]]>
              </value>
            </param>
          </params>
          <reporter-output>
          </reporter-output>
        </test-method> <!-- testCreateEmployee -->
        <test-method signature="testCreateEmployee(java.lang.String,java.lang.String,java.lang.String,java.lang.String)[pri:1, instance:com.bce.api.test.EmployeeDDTests@313ac989]" started-at="2024-06-24T17:16:07 IST" name="testCreateEmployee" data-provider="Data" finished-at="2024-06-24T17:16:07 IST" duration-ms="19" status="PASS">
          <params>
            <param index="0">
              <value>
                <![CDATA[35]]>
              </value>
            </param>
            <param index="1">
              <value>
                <![CDATA[Narottam6]]>
              </value>
            </param>
            <param index="2">
              <value>
                <![CDATA[Singh]]>
              </value>
            </param>
            <param index="3">
              <value>
                <![CDATA[narottam2@gmail.com]]>
              </value>
            </param>
          </params>
          <reporter-output>
          </reporter-output>
        </test-method> <!-- testCreateEmployee -->
        <test-method signature="testCreateEmployee(java.lang.String,java.lang.String,java.lang.String,java.lang.String)[pri:1, instance:com.bce.api.test.EmployeeDDTests@313ac989]" started-at="2024-06-24T17:16:07 IST" name="testCreateEmployee" data-provider="Data" finished-at="2024-06-24T17:16:07 IST" duration-ms="21" status="PASS">
          <params>
            <param index="0">
              <value>
                <![CDATA[36]]>
              </value>
            </param>
            <param index="1">
              <value>
                <![CDATA[Bharti6]]>
              </value>
            </param>
            <param index="2">
              <value>
                <![CDATA[Singh]]>
              </value>
            </param>
            <param index="3">
              <value>
                <![CDATA[bharti2@gmail.com]]>
              </value>
            </param>
          </params>
          <reporter-output>
          </reporter-output>
        </test-method> <!-- testCreateEmployee -->
        <test-method signature="testCreateEmployee(java.lang.String,java.lang.String,java.lang.String,java.lang.String)[pri:1, instance:com.bce.api.test.EmployeeDDTests@313ac989]" started-at="2024-06-24T17:16:07 IST" name="testCreateEmployee" data-provider="Data" finished-at="2024-06-24T17:16:07 IST" duration-ms="33" status="PASS">
          <params>
            <param index="0">
              <value>
                <![CDATA[37]]>
              </value>
            </param>
            <param index="1">
              <value>
                <![CDATA[Narottam2]]>
              </value>
            </param>
            <param index="2">
              <value>
                <![CDATA[Singh]]>
              </value>
            </param>
            <param index="3">
              <value>
                <![CDATA[narottam1@gmail.com]]>
              </value>
            </param>
          </params>
          <reporter-output>
          </reporter-output>
        </test-method> <!-- testCreateEmployee -->
        <test-method signature="testCreateEmployee(java.lang.String,java.lang.String,java.lang.String,java.lang.String)[pri:1, instance:com.bce.api.test.EmployeeDDTests@313ac989]" started-at="2024-06-24T17:16:07 IST" name="testCreateEmployee" data-provider="Data" finished-at="2024-06-24T17:16:08 IST" duration-ms="26" status="PASS">
          <params>
            <param index="0">
              <value>
                <![CDATA[38]]>
              </value>
            </param>
            <param index="1">
              <value>
                <![CDATA[Bharti2]]>
              </value>
            </param>
            <param index="2">
              <value>
                <![CDATA[Singh]]>
              </value>
            </param>
            <param index="3">
              <value>
                <![CDATA[bharti1@gmail.com]]>
              </value>
            </param>
          </params>
          <reporter-output>
          </reporter-output>
        </test-method> <!-- testCreateEmployee -->
        <test-method signature="testCreateEmployee(java.lang.String,java.lang.String,java.lang.String,java.lang.String)[pri:1, instance:com.bce.api.test.EmployeeDDTests@313ac989]" started-at="2024-06-24T17:16:08 IST" name="testCreateEmployee" data-provider="Data" finished-at="2024-06-24T17:16:08 IST" duration-ms="31" status="PASS">
          <params>
            <param index="0">
              <value>
                <![CDATA[39]]>
              </value>
            </param>
            <param index="1">
              <value>
                <![CDATA[Narottam3]]>
              </value>
            </param>
            <param index="2">
              <value>
                <![CDATA[Singh]]>
              </value>
            </param>
            <param index="3">
              <value>
                <![CDATA[narottam2@gmail.com]]>
              </value>
            </param>
          </params>
          <reporter-output>
          </reporter-output>
        </test-method> <!-- testCreateEmployee -->
        <test-method signature="testCreateEmployee(java.lang.String,java.lang.String,java.lang.String,java.lang.String)[pri:1, instance:com.bce.api.test.EmployeeDDTests@313ac989]" started-at="2024-06-24T17:16:08 IST" name="testCreateEmployee" data-provider="Data" finished-at="2024-06-24T17:16:08 IST" duration-ms="16" status="PASS">
          <params>
            <param index="0">
              <value>
                <![CDATA[40]]>
              </value>
            </param>
            <param index="1">
              <value>
                <![CDATA[Bharti3]]>
              </value>
            </param>
            <param index="2">
              <value>
                <![CDATA[Singh]]>
              </value>
            </param>
            <param index="3">
              <value>
                <![CDATA[bharti2@gmail.com]]>
              </value>
            </param>
          </params>
          <reporter-output>
          </reporter-output>
        </test-method> <!-- testCreateEmployee -->
        <test-method signature="testCreateEmployee(java.lang.String,java.lang.String,java.lang.String,java.lang.String)[pri:1, instance:com.bce.api.test.EmployeeDDTests@313ac989]" started-at="2024-06-24T17:16:08 IST" name="testCreateEmployee" data-provider="Data" finished-at="2024-06-24T17:16:08 IST" duration-ms="28" status="PASS">
          <params>
            <param index="0">
              <value>
                <![CDATA[41]]>
              </value>
            </param>
            <param index="1">
              <value>
                <![CDATA[Narottam3]]>
              </value>
            </param>
            <param index="2">
              <value>
                <![CDATA[Singh]]>
              </value>
            </param>
            <param index="3">
              <value>
                <![CDATA[narottam1@gmail.com]]>
              </value>
            </param>
          </params>
          <reporter-output>
          </reporter-output>
        </test-method> <!-- testCreateEmployee -->
        <test-method signature="testCreateEmployee(java.lang.String,java.lang.String,java.lang.String,java.lang.String)[pri:1, instance:com.bce.api.test.EmployeeDDTests@313ac989]" started-at="2024-06-24T17:16:08 IST" name="testCreateEmployee" data-provider="Data" finished-at="2024-06-24T17:16:08 IST" duration-ms="21" status="PASS">
          <params>
            <param index="0">
              <value>
                <![CDATA[42]]>
              </value>
            </param>
            <param index="1">
              <value>
                <![CDATA[Bharti3]]>
              </value>
            </param>
            <param index="2">
              <value>
                <![CDATA[Singh]]>
              </value>
            </param>
            <param index="3">
              <value>
                <![CDATA[bharti1@gmail.com]]>
              </value>
            </param>
          </params>
          <reporter-output>
          </reporter-output>
        </test-method> <!-- testCreateEmployee -->
        <test-method signature="testCreateEmployee(java.lang.String,java.lang.String,java.lang.String,java.lang.String)[pri:1, instance:com.bce.api.test.EmployeeDDTests@313ac989]" started-at="2024-06-24T17:16:08 IST" name="testCreateEmployee" data-provider="Data" finished-at="2024-06-24T17:16:08 IST" duration-ms="26" status="PASS">
          <params>
            <param index="0">
              <value>
                <![CDATA[43]]>
              </value>
            </param>
            <param index="1">
              <value>
                <![CDATA[Narottam4]]>
              </value>
            </param>
            <param index="2">
              <value>
                <![CDATA[Singh]]>
              </value>
            </param>
            <param index="3">
              <value>
                <![CDATA[narottam2@gmail.com]]>
              </value>
            </param>
          </params>
          <reporter-output>
          </reporter-output>
        </test-method> <!-- testCreateEmployee -->
        <test-method signature="testCreateEmployee(java.lang.String,java.lang.String,java.lang.String,java.lang.String)[pri:1, instance:com.bce.api.test.EmployeeDDTests@313ac989]" started-at="2024-06-24T17:16:08 IST" name="testCreateEmployee" data-provider="Data" finished-at="2024-06-24T17:16:08 IST" duration-ms="18" status="PASS">
          <params>
            <param index="0">
              <value>
                <![CDATA[44]]>
              </value>
            </param>
            <param index="1">
              <value>
                <![CDATA[Bharti4]]>
              </value>
            </param>
            <param index="2">
              <value>
                <![CDATA[Singh]]>
              </value>
            </param>
            <param index="3">
              <value>
                <![CDATA[bharti2@gmail.com]]>
              </value>
            </param>
          </params>
          <reporter-output>
          </reporter-output>
        </test-method> <!-- testCreateEmployee -->
        <test-method signature="testCreateEmployee(java.lang.String,java.lang.String,java.lang.String,java.lang.String)[pri:1, instance:com.bce.api.test.EmployeeDDTests@313ac989]" started-at="2024-06-24T17:16:08 IST" name="testCreateEmployee" data-provider="Data" finished-at="2024-06-24T17:16:08 IST" duration-ms="19" status="PASS">
          <params>
            <param index="0">
              <value>
                <![CDATA[45]]>
              </value>
            </param>
            <param index="1">
              <value>
                <![CDATA[Narottam4]]>
              </value>
            </param>
            <param index="2">
              <value>
                <![CDATA[Singh]]>
              </value>
            </param>
            <param index="3">
              <value>
                <![CDATA[narottam1@gmail.com]]>
              </value>
            </param>
          </params>
          <reporter-output>
          </reporter-output>
        </test-method> <!-- testCreateEmployee -->
        <test-method signature="testCreateEmployee(java.lang.String,java.lang.String,java.lang.String,java.lang.String)[pri:1, instance:com.bce.api.test.EmployeeDDTests@313ac989]" started-at="2024-06-24T17:16:08 IST" name="testCreateEmployee" data-provider="Data" finished-at="2024-06-24T17:16:08 IST" duration-ms="25" status="PASS">
          <params>
            <param index="0">
              <value>
                <![CDATA[46]]>
              </value>
            </param>
            <param index="1">
              <value>
                <![CDATA[Bharti4]]>
              </value>
            </param>
            <param index="2">
              <value>
                <![CDATA[Singh]]>
              </value>
            </param>
            <param index="3">
              <value>
                <![CDATA[bharti1@gmail.com]]>
              </value>
            </param>
          </params>
          <reporter-output>
          </reporter-output>
        </test-method> <!-- testCreateEmployee -->
        <test-method signature="testCreateEmployee(java.lang.String,java.lang.String,java.lang.String,java.lang.String)[pri:1, instance:com.bce.api.test.EmployeeDDTests@313ac989]" started-at="2024-06-24T17:16:08 IST" name="testCreateEmployee" data-provider="Data" finished-at="2024-06-24T17:16:08 IST" duration-ms="32" status="PASS">
          <params>
            <param index="0">
              <value>
                <![CDATA[47]]>
              </value>
            </param>
            <param index="1">
              <value>
                <![CDATA[Narottam5]]>
              </value>
            </param>
            <param index="2">
              <value>
                <![CDATA[Singh]]>
              </value>
            </param>
            <param index="3">
              <value>
                <![CDATA[narottam2@gmail.com]]>
              </value>
            </param>
          </params>
          <reporter-output>
          </reporter-output>
        </test-method> <!-- testCreateEmployee -->
        <test-method signature="testGetEmployeeById(java.lang.String)[pri:2, instance:com.bce.api.test.EmployeeDDTests@313ac989]" started-at="2024-06-24T17:16:09 IST" name="testGetEmployeeById" data-provider="EmpIds" finished-at="2024-06-24T17:16:09 IST" duration-ms="292" status="FAIL">
          <params>
            <param index="0">
              <value>
                <![CDATA[1]]>
              </value>
            </param>
          </params>
          <exception class="java.lang.AssertionError">
            <message>
              <![CDATA[expected:<500> but was:<200>]]>
            </message>
            <full-stacktrace>
              <![CDATA[java.lang.AssertionError: expected:<500> but was:<200>
at org.testng.AssertJUnit.fail(AssertJUnit.java:65)
at org.testng.AssertJUnit.failNotEquals(AssertJUnit.java:467)
at org.testng.AssertJUnit.assertEquals(AssertJUnit.java:88)
at org.testng.AssertJUnit.assertEquals(AssertJUnit.java:318)
at org.testng.AssertJUnit.assertEquals(AssertJUnit.java:328)
at com.bce.api.test.EmployeeDDTests.testGetEmployeeById(EmployeeDDTests.java:38)
at java.base/jdk.internal.reflect.NativeMethodAccessorImpl.invoke0(Native Method)
at java.base/jdk.internal.reflect.NativeMethodAccessorImpl.invoke(NativeMethodAccessorImpl.java:62)
at java.base/jdk.internal.reflect.DelegatingMethodAccessorImpl.invoke(DelegatingMethodAccessorImpl.java:43)
at java.base/java.lang.reflect.Method.invoke(Method.java:566)
at org.testng.internal.invokers.MethodInvocationHelper.invokeMethod(MethodInvocationHelper.java:141)
at org.testng.internal.invokers.TestInvoker.invokeMethod(TestInvoker.java:686)
at org.testng.internal.invokers.TestInvoker.invokeTestMethod(TestInvoker.java:230)
at org.testng.internal.invokers.MethodRunner.runInSequence(MethodRunner.java:63)
at org.testng.internal.invokers.TestInvoker$MethodInvocationAgent.invoke(TestInvoker.java:992)
at org.testng.internal.invokers.TestInvoker.invokeTestMethods(TestInvoker.java:203)
at org.testng.internal.invokers.TestMethodWorker.invokeTestMethods(TestMethodWorker.java:154)
at org.testng.internal.invokers.TestMethodWorker.run(TestMethodWorker.java:134)
at java.base/java.util.ArrayList.forEach(ArrayList.java:1541)
at org.testng.TestRunner.privateRun(TestRunner.java:739)
at org.testng.TestRunner.run(TestRunner.java:614)
at org.testng.SuiteRunner.runTest(SuiteRunner.java:421)
at org.testng.SuiteRunner.runSequentially(SuiteRunner.java:413)
at org.testng.SuiteRunner.privateRun(SuiteRunner.java:373)
at org.testng.SuiteRunner.run(SuiteRunner.java:312)
at org.testng.SuiteRunnerWorker.runSuite(SuiteRunnerWorker.java:52)
at org.testng.SuiteRunnerWorker.run(SuiteRunnerWorker.java:95)
at org.testng.TestNG.runSuitesSequentially(TestNG.java:1274)
at org.testng.TestNG.runSuitesLocally(TestNG.java:1208)
at org.testng.TestNG.runSuites(TestNG.java:1112)
at org.testng.TestNG.run(TestNG.java:1079)
at org.testng.remote.AbstractRemoteTestNG.run(AbstractRemoteTestNG.java:115)
at org.testng.remote.RemoteTestNG.initAndRun(RemoteTestNG.java:293)
at org.testng.remote.RemoteTestNG.main(RemoteTestNG.java:91)
]]>
            </full-stacktrace>
          </exception> <!-- java.lang.AssertionError -->
          <reporter-output>
          </reporter-output>
        </test-method> <!-- testGetEmployeeById -->
        <test-method signature="testGetEmployeeById(java.lang.String)[pri:2, instance:com.bce.api.test.EmployeeDDTests@313ac989]" started-at="2024-06-24T17:16:09 IST" name="testGetEmployeeById" data-provider="EmpIds" finished-at="2024-06-24T17:16:09 IST" duration-ms="46" status="FAIL">
          <params>
            <param index="0">
              <value>
                <![CDATA[2]]>
              </value>
            </param>
          </params>
          <exception class="java.lang.AssertionError">
            <message>
              <![CDATA[expected:<500> but was:<200>]]>
            </message>
            <full-stacktrace>
              <![CDATA[java.lang.AssertionError: expected:<500> but was:<200>
at org.testng.AssertJUnit.fail(AssertJUnit.java:65)
at org.testng.AssertJUnit.failNotEquals(AssertJUnit.java:467)
at org.testng.AssertJUnit.assertEquals(AssertJUnit.java:88)
at org.testng.AssertJUnit.assertEquals(AssertJUnit.java:318)
at org.testng.AssertJUnit.assertEquals(AssertJUnit.java:328)
at com.bce.api.test.EmployeeDDTests.testGetEmployeeById(EmployeeDDTests.java:38)
at java.base/jdk.internal.reflect.NativeMethodAccessorImpl.invoke0(Native Method)
at java.base/jdk.internal.reflect.NativeMethodAccessorImpl.invoke(NativeMethodAccessorImpl.java:62)
at java.base/jdk.internal.reflect.DelegatingMethodAccessorImpl.invoke(DelegatingMethodAccessorImpl.java:43)
at java.base/java.lang.reflect.Method.invoke(Method.java:566)
at org.testng.internal.invokers.MethodInvocationHelper.invokeMethod(MethodInvocationHelper.java:141)
at org.testng.internal.invokers.TestInvoker.invokeMethod(TestInvoker.java:686)
at org.testng.internal.invokers.TestInvoker.invokeTestMethod(TestInvoker.java:230)
at org.testng.internal.invokers.MethodRunner.runInSequence(MethodRunner.java:63)
at org.testng.internal.invokers.TestInvoker$MethodInvocationAgent.invoke(TestInvoker.java:992)
at org.testng.internal.invokers.TestInvoker.invokeTestMethods(TestInvoker.java:203)
at org.testng.internal.invokers.TestMethodWorker.invokeTestMethods(TestMethodWorker.java:154)
at org.testng.internal.invokers.TestMethodWorker.run(TestMethodWorker.java:134)
at java.base/java.util.ArrayList.forEach(ArrayList.java:1541)
at org.testng.TestRunner.privateRun(TestRunner.java:739)
at org.testng.TestRunner.run(TestRunner.java:614)
at org.testng.SuiteRunner.runTest(SuiteRunner.java:421)
at org.testng.SuiteRunner.runSequentially(SuiteRunner.java:413)
at org.testng.SuiteRunner.privateRun(SuiteRunner.java:373)
at org.testng.SuiteRunner.run(SuiteRunner.java:312)
at org.testng.SuiteRunnerWorker.runSuite(SuiteRunnerWorker.java:52)
at org.testng.SuiteRunnerWorker.run(SuiteRunnerWorker.java:95)
at org.testng.TestNG.runSuitesSequentially(TestNG.java:1274)
at org.testng.TestNG.runSuitesLocally(TestNG.java:1208)
at org.testng.TestNG.runSuites(TestNG.java:1112)
at org.testng.TestNG.run(TestNG.java:1079)
at org.testng.remote.AbstractRemoteTestNG.run(AbstractRemoteTestNG.java:115)
at org.testng.remote.RemoteTestNG.initAndRun(RemoteTestNG.java:293)
at org.testng.remote.RemoteTestNG.main(RemoteTestNG.java:91)
]]>
            </full-stacktrace>
          </exception> <!-- java.lang.AssertionError -->
          <reporter-output>
          </reporter-output>
        </test-method> <!-- testGetEmployeeById -->
        <test-method signature="testGetEmployeeById(java.lang.String)[pri:2, instance:com.bce.api.test.EmployeeDDTests@313ac989]" started-at="2024-06-24T17:16:10 IST" name="testGetEmployeeById" data-provider="EmpIds" finished-at="2024-06-24T17:16:10 IST" duration-ms="51" status="FAIL">
          <params>
            <param index="0">
              <value>
                <![CDATA[3]]>
              </value>
            </param>
          </params>
          <exception class="java.lang.AssertionError">
            <message>
              <![CDATA[expected:<500> but was:<200>]]>
            </message>
            <full-stacktrace>
              <![CDATA[java.lang.AssertionError: expected:<500> but was:<200>
at org.testng.AssertJUnit.fail(AssertJUnit.java:65)
at org.testng.AssertJUnit.failNotEquals(AssertJUnit.java:467)
at org.testng.AssertJUnit.assertEquals(AssertJUnit.java:88)
at org.testng.AssertJUnit.assertEquals(AssertJUnit.java:318)
at org.testng.AssertJUnit.assertEquals(AssertJUnit.java:328)
at com.bce.api.test.EmployeeDDTests.testGetEmployeeById(EmployeeDDTests.java:38)
at java.base/jdk.internal.reflect.NativeMethodAccessorImpl.invoke0(Native Method)
at java.base/jdk.internal.reflect.NativeMethodAccessorImpl.invoke(NativeMethodAccessorImpl.java:62)
at java.base/jdk.internal.reflect.DelegatingMethodAccessorImpl.invoke(DelegatingMethodAccessorImpl.java:43)
at java.base/java.lang.reflect.Method.invoke(Method.java:566)
at org.testng.internal.invokers.MethodInvocationHelper.invokeMethod(MethodInvocationHelper.java:141)
at org.testng.internal.invokers.TestInvoker.invokeMethod(TestInvoker.java:686)
at org.testng.internal.invokers.TestInvoker.invokeTestMethod(TestInvoker.java:230)
at org.testng.internal.invokers.MethodRunner.runInSequence(MethodRunner.java:63)
at org.testng.internal.invokers.TestInvoker$MethodInvocationAgent.invoke(TestInvoker.java:992)
at org.testng.internal.invokers.TestInvoker.invokeTestMethods(TestInvoker.java:203)
at org.testng.internal.invokers.TestMethodWorker.invokeTestMethods(TestMethodWorker.java:154)
at org.testng.internal.invokers.TestMethodWorker.run(TestMethodWorker.java:134)
at java.base/java.util.ArrayList.forEach(ArrayList.java:1541)
at org.testng.TestRunner.privateRun(TestRunner.java:739)
at org.testng.TestRunner.run(TestRunner.java:614)
at org.testng.SuiteRunner.runTest(SuiteRunner.java:421)
at org.testng.SuiteRunner.runSequentially(SuiteRunner.java:413)
at org.testng.SuiteRunner.privateRun(SuiteRunner.java:373)
at org.testng.SuiteRunner.run(SuiteRunner.java:312)
at org.testng.SuiteRunnerWorker.runSuite(SuiteRunnerWorker.java:52)
at org.testng.SuiteRunnerWorker.run(SuiteRunnerWorker.java:95)
at org.testng.TestNG.runSuitesSequentially(TestNG.java:1274)
at org.testng.TestNG.runSuitesLocally(TestNG.java:1208)
at org.testng.TestNG.runSuites(TestNG.java:1112)
at org.testng.TestNG.run(TestNG.java:1079)
at org.testng.remote.AbstractRemoteTestNG.run(AbstractRemoteTestNG.java:115)
at org.testng.remote.RemoteTestNG.initAndRun(RemoteTestNG.java:293)
at org.testng.remote.RemoteTestNG.main(RemoteTestNG.java:91)
]]>
            </full-stacktrace>
          </exception> <!-- java.lang.AssertionError -->
          <reporter-output>
          </reporter-output>
        </test-method> <!-- testGetEmployeeById -->
        <test-method signature="testGetEmployeeById(java.lang.String)[pri:2, instance:com.bce.api.test.EmployeeDDTests@313ac989]" started-at="2024-06-24T17:16:10 IST" name="testGetEmployeeById" data-provider="EmpIds" finished-at="2024-06-24T17:16:10 IST" duration-ms="36" status="FAIL">
          <params>
            <param index="0">
              <value>
                <![CDATA[4]]>
              </value>
            </param>
          </params>
          <exception class="java.lang.AssertionError">
            <message>
              <![CDATA[expected:<500> but was:<200>]]>
            </message>
            <full-stacktrace>
              <![CDATA[java.lang.AssertionError: expected:<500> but was:<200>
at org.testng.AssertJUnit.fail(AssertJUnit.java:65)
at org.testng.AssertJUnit.failNotEquals(AssertJUnit.java:467)
at org.testng.AssertJUnit.assertEquals(AssertJUnit.java:88)
at org.testng.AssertJUnit.assertEquals(AssertJUnit.java:318)
at org.testng.AssertJUnit.assertEquals(AssertJUnit.java:328)
at com.bce.api.test.EmployeeDDTests.testGetEmployeeById(EmployeeDDTests.java:38)
at java.base/jdk.internal.reflect.NativeMethodAccessorImpl.invoke0(Native Method)
at java.base/jdk.internal.reflect.NativeMethodAccessorImpl.invoke(NativeMethodAccessorImpl.java:62)
at java.base/jdk.internal.reflect.DelegatingMethodAccessorImpl.invoke(DelegatingMethodAccessorImpl.java:43)
at java.base/java.lang.reflect.Method.invoke(Method.java:566)
at org.testng.internal.invokers.MethodInvocationHelper.invokeMethod(MethodInvocationHelper.java:141)
at org.testng.internal.invokers.TestInvoker.invokeMethod(TestInvoker.java:686)
at org.testng.internal.invokers.TestInvoker.invokeTestMethod(TestInvoker.java:230)
at org.testng.internal.invokers.MethodRunner.runInSequence(MethodRunner.java:63)
at org.testng.internal.invokers.TestInvoker$MethodInvocationAgent.invoke(TestInvoker.java:992)
at org.testng.internal.invokers.TestInvoker.invokeTestMethods(TestInvoker.java:203)
at org.testng.internal.invokers.TestMethodWorker.invokeTestMethods(TestMethodWorker.java:154)
at org.testng.internal.invokers.TestMethodWorker.run(TestMethodWorker.java:134)
at java.base/java.util.ArrayList.forEach(ArrayList.java:1541)
at org.testng.TestRunner.privateRun(TestRunner.java:739)
at org.testng.TestRunner.run(TestRunner.java:614)
at org.testng.SuiteRunner.runTest(SuiteRunner.java:421)
at org.testng.SuiteRunner.runSequentially(SuiteRunner.java:413)
at org.testng.SuiteRunner.privateRun(SuiteRunner.java:373)
at org.testng.SuiteRunner.run(SuiteRunner.java:312)
at org.testng.SuiteRunnerWorker.runSuite(SuiteRunnerWorker.java:52)
at org.testng.SuiteRunnerWorker.run(SuiteRunnerWorker.java:95)
at org.testng.TestNG.runSuitesSequentially(TestNG.java:1274)
at org.testng.TestNG.runSuitesLocally(TestNG.java:1208)
at org.testng.TestNG.runSuites(TestNG.java:1112)
at org.testng.TestNG.run(TestNG.java:1079)
at org.testng.remote.AbstractRemoteTestNG.run(AbstractRemoteTestNG.java:115)
at org.testng.remote.RemoteTestNG.initAndRun(RemoteTestNG.java:293)
at org.testng.remote.RemoteTestNG.main(RemoteTestNG.java:91)
]]>
            </full-stacktrace>
          </exception> <!-- java.lang.AssertionError -->
          <reporter-output>
          </reporter-output>
        </test-method> <!-- testGetEmployeeById -->
        <test-method signature="testGetEmployeeById(java.lang.String)[pri:2, instance:com.bce.api.test.EmployeeDDTests@313ac989]" started-at="2024-06-24T17:16:10 IST" name="testGetEmployeeById" data-provider="EmpIds" finished-at="2024-06-24T17:16:10 IST" duration-ms="42" status="FAIL">
          <params>
            <param index="0">
              <value>
                <![CDATA[5]]>
              </value>
            </param>
          </params>
          <exception class="java.lang.AssertionError">
            <message>
              <![CDATA[expected:<500> but was:<200>]]>
            </message>
            <full-stacktrace>
              <![CDATA[java.lang.AssertionError: expected:<500> but was:<200>
at org.testng.AssertJUnit.fail(AssertJUnit.java:65)
at org.testng.AssertJUnit.failNotEquals(AssertJUnit.java:467)
at org.testng.AssertJUnit.assertEquals(AssertJUnit.java:88)
at org.testng.AssertJUnit.assertEquals(AssertJUnit.java:318)
at org.testng.AssertJUnit.assertEquals(AssertJUnit.java:328)
at com.bce.api.test.EmployeeDDTests.testGetEmployeeById(EmployeeDDTests.java:38)
at java.base/jdk.internal.reflect.NativeMethodAccessorImpl.invoke0(Native Method)
at java.base/jdk.internal.reflect.NativeMethodAccessorImpl.invoke(NativeMethodAccessorImpl.java:62)
at java.base/jdk.internal.reflect.DelegatingMethodAccessorImpl.invoke(DelegatingMethodAccessorImpl.java:43)
at java.base/java.lang.reflect.Method.invoke(Method.java:566)
at org.testng.internal.invokers.MethodInvocationHelper.invokeMethod(MethodInvocationHelper.java:141)
at org.testng.internal.invokers.TestInvoker.invokeMethod(TestInvoker.java:686)
at org.testng.internal.invokers.TestInvoker.invokeTestMethod(TestInvoker.java:230)
at org.testng.internal.invokers.MethodRunner.runInSequence(MethodRunner.java:63)
at org.testng.internal.invokers.TestInvoker$MethodInvocationAgent.invoke(TestInvoker.java:992)
at org.testng.internal.invokers.TestInvoker.invokeTestMethods(TestInvoker.java:203)
at org.testng.internal.invokers.TestMethodWorker.invokeTestMethods(TestMethodWorker.java:154)
at org.testng.internal.invokers.TestMethodWorker.run(TestMethodWorker.java:134)
at java.base/java.util.ArrayList.forEach(ArrayList.java:1541)
at org.testng.TestRunner.privateRun(TestRunner.java:739)
at org.testng.TestRunner.run(TestRunner.java:614)
at org.testng.SuiteRunner.runTest(SuiteRunner.java:421)
at org.testng.SuiteRunner.runSequentially(SuiteRunner.java:413)
at org.testng.SuiteRunner.privateRun(SuiteRunner.java:373)
at org.testng.SuiteRunner.run(SuiteRunner.java:312)
at org.testng.SuiteRunnerWorker.runSuite(SuiteRunnerWorker.java:52)
at org.testng.SuiteRunnerWorker.run(SuiteRunnerWorker.java:95)
at org.testng.TestNG.runSuitesSequentially(TestNG.java:1274)
at org.testng.TestNG.runSuitesLocally(TestNG.java:1208)
at org.testng.TestNG.runSuites(TestNG.java:1112)
at org.testng.TestNG.run(TestNG.java:1079)
at org.testng.remote.AbstractRemoteTestNG.run(AbstractRemoteTestNG.java:115)
at org.testng.remote.RemoteTestNG.initAndRun(RemoteTestNG.java:293)
at org.testng.remote.RemoteTestNG.main(RemoteTestNG.java:91)
]]>
            </full-stacktrace>
          </exception> <!-- java.lang.AssertionError -->
          <reporter-output>
          </reporter-output>
        </test-method> <!-- testGetEmployeeById -->
        <test-method signature="testGetEmployeeById(java.lang.String)[pri:2, instance:com.bce.api.test.EmployeeDDTests@313ac989]" started-at="2024-06-24T17:16:10 IST" name="testGetEmployeeById" data-provider="EmpIds" finished-at="2024-06-24T17:16:10 IST" duration-ms="60" status="FAIL">
          <params>
            <param index="0">
              <value>
                <![CDATA[6]]>
              </value>
            </param>
          </params>
          <exception class="java.lang.AssertionError">
            <message>
              <![CDATA[expected:<500> but was:<200>]]>
            </message>
            <full-stacktrace>
              <![CDATA[java.lang.AssertionError: expected:<500> but was:<200>
at org.testng.AssertJUnit.fail(AssertJUnit.java:65)
at org.testng.AssertJUnit.failNotEquals(AssertJUnit.java:467)
at org.testng.AssertJUnit.assertEquals(AssertJUnit.java:88)
at org.testng.AssertJUnit.assertEquals(AssertJUnit.java:318)
at org.testng.AssertJUnit.assertEquals(AssertJUnit.java:328)
at com.bce.api.test.EmployeeDDTests.testGetEmployeeById(EmployeeDDTests.java:38)
at java.base/jdk.internal.reflect.NativeMethodAccessorImpl.invoke0(Native Method)
at java.base/jdk.internal.reflect.NativeMethodAccessorImpl.invoke(NativeMethodAccessorImpl.java:62)
at java.base/jdk.internal.reflect.DelegatingMethodAccessorImpl.invoke(DelegatingMethodAccessorImpl.java:43)
at java.base/java.lang.reflect.Method.invoke(Method.java:566)
at org.testng.internal.invokers.MethodInvocationHelper.invokeMethod(MethodInvocationHelper.java:141)
at org.testng.internal.invokers.TestInvoker.invokeMethod(TestInvoker.java:686)
at org.testng.internal.invokers.TestInvoker.invokeTestMethod(TestInvoker.java:230)
at org.testng.internal.invokers.MethodRunner.runInSequence(MethodRunner.java:63)
at org.testng.internal.invokers.TestInvoker$MethodInvocationAgent.invoke(TestInvoker.java:992)
at org.testng.internal.invokers.TestInvoker.invokeTestMethods(TestInvoker.java:203)
at org.testng.internal.invokers.TestMethodWorker.invokeTestMethods(TestMethodWorker.java:154)
at org.testng.internal.invokers.TestMethodWorker.run(TestMethodWorker.java:134)
at java.base/java.util.ArrayList.forEach(ArrayList.java:1541)
at org.testng.TestRunner.privateRun(TestRunner.java:739)
at org.testng.TestRunner.run(TestRunner.java:614)
at org.testng.SuiteRunner.runTest(SuiteRunner.java:421)
at org.testng.SuiteRunner.runSequentially(SuiteRunner.java:413)
at org.testng.SuiteRunner.privateRun(SuiteRunner.java:373)
at org.testng.SuiteRunner.run(SuiteRunner.java:312)
at org.testng.SuiteRunnerWorker.runSuite(SuiteRunnerWorker.java:52)
at org.testng.SuiteRunnerWorker.run(SuiteRunnerWorker.java:95)
at org.testng.TestNG.runSuitesSequentially(TestNG.java:1274)
at org.testng.TestNG.runSuitesLocally(TestNG.java:1208)
at org.testng.TestNG.runSuites(TestNG.java:1112)
at org.testng.TestNG.run(TestNG.java:1079)
at org.testng.remote.AbstractRemoteTestNG.run(AbstractRemoteTestNG.java:115)
at org.testng.remote.RemoteTestNG.initAndRun(RemoteTestNG.java:293)
at org.testng.remote.RemoteTestNG.main(RemoteTestNG.java:91)
]]>
            </full-stacktrace>
          </exception> <!-- java.lang.AssertionError -->
          <reporter-output>
          </reporter-output>
        </test-method> <!-- testGetEmployeeById -->
        <test-method signature="testGetEmployeeById(java.lang.String)[pri:2, instance:com.bce.api.test.EmployeeDDTests@313ac989]" started-at="2024-06-24T17:16:10 IST" name="testGetEmployeeById" data-provider="EmpIds" finished-at="2024-06-24T17:16:10 IST" duration-ms="46" status="FAIL">
          <params>
            <param index="0">
              <value>
                <![CDATA[7]]>
              </value>
            </param>
          </params>
          <exception class="java.lang.AssertionError">
            <message>
              <![CDATA[expected:<500> but was:<200>]]>
            </message>
            <full-stacktrace>
              <![CDATA[java.lang.AssertionError: expected:<500> but was:<200>
at org.testng.AssertJUnit.fail(AssertJUnit.java:65)
at org.testng.AssertJUnit.failNotEquals(AssertJUnit.java:467)
at org.testng.AssertJUnit.assertEquals(AssertJUnit.java:88)
at org.testng.AssertJUnit.assertEquals(AssertJUnit.java:318)
at org.testng.AssertJUnit.assertEquals(AssertJUnit.java:328)
at com.bce.api.test.EmployeeDDTests.testGetEmployeeById(EmployeeDDTests.java:38)
at java.base/jdk.internal.reflect.NativeMethodAccessorImpl.invoke0(Native Method)
at java.base/jdk.internal.reflect.NativeMethodAccessorImpl.invoke(NativeMethodAccessorImpl.java:62)
at java.base/jdk.internal.reflect.DelegatingMethodAccessorImpl.invoke(DelegatingMethodAccessorImpl.java:43)
at java.base/java.lang.reflect.Method.invoke(Method.java:566)
at org.testng.internal.invokers.MethodInvocationHelper.invokeMethod(MethodInvocationHelper.java:141)
at org.testng.internal.invokers.TestInvoker.invokeMethod(TestInvoker.java:686)
at org.testng.internal.invokers.TestInvoker.invokeTestMethod(TestInvoker.java:230)
at org.testng.internal.invokers.MethodRunner.runInSequence(MethodRunner.java:63)
at org.testng.internal.invokers.TestInvoker$MethodInvocationAgent.invoke(TestInvoker.java:992)
at org.testng.internal.invokers.TestInvoker.invokeTestMethods(TestInvoker.java:203)
at org.testng.internal.invokers.TestMethodWorker.invokeTestMethods(TestMethodWorker.java:154)
at org.testng.internal.invokers.TestMethodWorker.run(TestMethodWorker.java:134)
at java.base/java.util.ArrayList.forEach(ArrayList.java:1541)
at org.testng.TestRunner.privateRun(TestRunner.java:739)
at org.testng.TestRunner.run(TestRunner.java:614)
at org.testng.SuiteRunner.runTest(SuiteRunner.java:421)
at org.testng.SuiteRunner.runSequentially(SuiteRunner.java:413)
at org.testng.SuiteRunner.privateRun(SuiteRunner.java:373)
at org.testng.SuiteRunner.run(SuiteRunner.java:312)
at org.testng.SuiteRunnerWorker.runSuite(SuiteRunnerWorker.java:52)
at org.testng.SuiteRunnerWorker.run(SuiteRunnerWorker.java:95)
at org.testng.TestNG.runSuitesSequentially(TestNG.java:1274)
at org.testng.TestNG.runSuitesLocally(TestNG.java:1208)
at org.testng.TestNG.runSuites(TestNG.java:1112)
at org.testng.TestNG.run(TestNG.java:1079)
at org.testng.remote.AbstractRemoteTestNG.run(AbstractRemoteTestNG.java:115)
at org.testng.remote.RemoteTestNG.initAndRun(RemoteTestNG.java:293)
at org.testng.remote.RemoteTestNG.main(RemoteTestNG.java:91)
]]>
            </full-stacktrace>
          </exception> <!-- java.lang.AssertionError -->
          <reporter-output>
          </reporter-output>
        </test-method> <!-- testGetEmployeeById -->
        <test-method signature="testGetEmployeeById(java.lang.String)[pri:2, instance:com.bce.api.test.EmployeeDDTests@313ac989]" started-at="2024-06-24T17:16:10 IST" name="testGetEmployeeById" data-provider="EmpIds" finished-at="2024-06-24T17:16:10 IST" duration-ms="41" status="FAIL">
          <params>
            <param index="0">
              <value>
                <![CDATA[8]]>
              </value>
            </param>
          </params>
          <exception class="java.lang.AssertionError">
            <message>
              <![CDATA[expected:<500> but was:<200>]]>
            </message>
            <full-stacktrace>
              <![CDATA[java.lang.AssertionError: expected:<500> but was:<200>
at org.testng.AssertJUnit.fail(AssertJUnit.java:65)
at org.testng.AssertJUnit.failNotEquals(AssertJUnit.java:467)
at org.testng.AssertJUnit.assertEquals(AssertJUnit.java:88)
at org.testng.AssertJUnit.assertEquals(AssertJUnit.java:318)
at org.testng.AssertJUnit.assertEquals(AssertJUnit.java:328)
at com.bce.api.test.EmployeeDDTests.testGetEmployeeById(EmployeeDDTests.java:38)
at java.base/jdk.internal.reflect.NativeMethodAccessorImpl.invoke0(Native Method)
at java.base/jdk.internal.reflect.NativeMethodAccessorImpl.invoke(NativeMethodAccessorImpl.java:62)
at java.base/jdk.internal.reflect.DelegatingMethodAccessorImpl.invoke(DelegatingMethodAccessorImpl.java:43)
at java.base/java.lang.reflect.Method.invoke(Method.java:566)
at org.testng.internal.invokers.MethodInvocationHelper.invokeMethod(MethodInvocationHelper.java:141)
at org.testng.internal.invokers.TestInvoker.invokeMethod(TestInvoker.java:686)
at org.testng.internal.invokers.TestInvoker.invokeTestMethod(TestInvoker.java:230)
at org.testng.internal.invokers.MethodRunner.runInSequence(MethodRunner.java:63)
at org.testng.internal.invokers.TestInvoker$MethodInvocationAgent.invoke(TestInvoker.java:992)
at org.testng.internal.invokers.TestInvoker.invokeTestMethods(TestInvoker.java:203)
at org.testng.internal.invokers.TestMethodWorker.invokeTestMethods(TestMethodWorker.java:154)
at org.testng.internal.invokers.TestMethodWorker.run(TestMethodWorker.java:134)
at java.base/java.util.ArrayList.forEach(ArrayList.java:1541)
at org.testng.TestRunner.privateRun(TestRunner.java:739)
at org.testng.TestRunner.run(TestRunner.java:614)
at org.testng.SuiteRunner.runTest(SuiteRunner.java:421)
at org.testng.SuiteRunner.runSequentially(SuiteRunner.java:413)
at org.testng.SuiteRunner.privateRun(SuiteRunner.java:373)
at org.testng.SuiteRunner.run(SuiteRunner.java:312)
at org.testng.SuiteRunnerWorker.runSuite(SuiteRunnerWorker.java:52)
at org.testng.SuiteRunnerWorker.run(SuiteRunnerWorker.java:95)
at org.testng.TestNG.runSuitesSequentially(TestNG.java:1274)
at org.testng.TestNG.runSuitesLocally(TestNG.java:1208)
at org.testng.TestNG.runSuites(TestNG.java:1112)
at org.testng.TestNG.run(TestNG.java:1079)
at org.testng.remote.AbstractRemoteTestNG.run(AbstractRemoteTestNG.java:115)
at org.testng.remote.RemoteTestNG.initAndRun(RemoteTestNG.java:293)
at org.testng.remote.RemoteTestNG.main(RemoteTestNG.java:91)
]]>
            </full-stacktrace>
          </exception> <!-- java.lang.AssertionError -->
          <reporter-output>
          </reporter-output>
        </test-method> <!-- testGetEmployeeById -->
        <test-method signature="testGetEmployeeById(java.lang.String)[pri:2, instance:com.bce.api.test.EmployeeDDTests@313ac989]" started-at="2024-06-24T17:16:10 IST" name="testGetEmployeeById" data-provider="EmpIds" finished-at="2024-06-24T17:16:10 IST" duration-ms="54" status="FAIL">
          <params>
            <param index="0">
              <value>
                <![CDATA[9]]>
              </value>
            </param>
          </params>
          <exception class="java.lang.AssertionError">
            <message>
              <![CDATA[expected:<500> but was:<200>]]>
            </message>
            <full-stacktrace>
              <![CDATA[java.lang.AssertionError: expected:<500> but was:<200>
at org.testng.AssertJUnit.fail(AssertJUnit.java:65)
at org.testng.AssertJUnit.failNotEquals(AssertJUnit.java:467)
at org.testng.AssertJUnit.assertEquals(AssertJUnit.java:88)
at org.testng.AssertJUnit.assertEquals(AssertJUnit.java:318)
at org.testng.AssertJUnit.assertEquals(AssertJUnit.java:328)
at com.bce.api.test.EmployeeDDTests.testGetEmployeeById(EmployeeDDTests.java:38)
at java.base/jdk.internal.reflect.NativeMethodAccessorImpl.invoke0(Native Method)
at java.base/jdk.internal.reflect.NativeMethodAccessorImpl.invoke(NativeMethodAccessorImpl.java:62)
at java.base/jdk.internal.reflect.DelegatingMethodAccessorImpl.invoke(DelegatingMethodAccessorImpl.java:43)
at java.base/java.lang.reflect.Method.invoke(Method.java:566)
at org.testng.internal.invokers.MethodInvocationHelper.invokeMethod(MethodInvocationHelper.java:141)
at org.testng.internal.invokers.TestInvoker.invokeMethod(TestInvoker.java:686)
at org.testng.internal.invokers.TestInvoker.invokeTestMethod(TestInvoker.java:230)
at org.testng.internal.invokers.MethodRunner.runInSequence(MethodRunner.java:63)
at org.testng.internal.invokers.TestInvoker$MethodInvocationAgent.invoke(TestInvoker.java:992)
at org.testng.internal.invokers.TestInvoker.invokeTestMethods(TestInvoker.java:203)
at org.testng.internal.invokers.TestMethodWorker.invokeTestMethods(TestMethodWorker.java:154)
at org.testng.internal.invokers.TestMethodWorker.run(TestMethodWorker.java:134)
at java.base/java.util.ArrayList.forEach(ArrayList.java:1541)
at org.testng.TestRunner.privateRun(TestRunner.java:739)
at org.testng.TestRunner.run(TestRunner.java:614)
at org.testng.SuiteRunner.runTest(SuiteRunner.java:421)
at org.testng.SuiteRunner.runSequentially(SuiteRunner.java:413)
at org.testng.SuiteRunner.privateRun(SuiteRunner.java:373)
at org.testng.SuiteRunner.run(SuiteRunner.java:312)
at org.testng.SuiteRunnerWorker.runSuite(SuiteRunnerWorker.java:52)
at org.testng.SuiteRunnerWorker.run(SuiteRunnerWorker.java:95)
at org.testng.TestNG.runSuitesSequentially(TestNG.java:1274)
at org.testng.TestNG.runSuitesLocally(TestNG.java:1208)
at org.testng.TestNG.runSuites(TestNG.java:1112)
at org.testng.TestNG.run(TestNG.java:1079)
at org.testng.remote.AbstractRemoteTestNG.run(AbstractRemoteTestNG.java:115)
at org.testng.remote.RemoteTestNG.initAndRun(RemoteTestNG.java:293)
at org.testng.remote.RemoteTestNG.main(RemoteTestNG.java:91)
]]>
            </full-stacktrace>
          </exception> <!-- java.lang.AssertionError -->
          <reporter-output>
          </reporter-output>
        </test-method> <!-- testGetEmployeeById -->
        <test-method signature="testGetEmployeeById(java.lang.String)[pri:2, instance:com.bce.api.test.EmployeeDDTests@313ac989]" started-at="2024-06-24T17:16:10 IST" name="testGetEmployeeById" data-provider="EmpIds" finished-at="2024-06-24T17:16:10 IST" duration-ms="35" status="FAIL">
          <params>
            <param index="0">
              <value>
                <![CDATA[10]]>
              </value>
            </param>
          </params>
          <exception class="java.lang.AssertionError">
            <message>
              <![CDATA[expected:<500> but was:<200>]]>
            </message>
            <full-stacktrace>
              <![CDATA[java.lang.AssertionError: expected:<500> but was:<200>
at org.testng.AssertJUnit.fail(AssertJUnit.java:65)
at org.testng.AssertJUnit.failNotEquals(AssertJUnit.java:467)
at org.testng.AssertJUnit.assertEquals(AssertJUnit.java:88)
at org.testng.AssertJUnit.assertEquals(AssertJUnit.java:318)
at org.testng.AssertJUnit.assertEquals(AssertJUnit.java:328)
at com.bce.api.test.EmployeeDDTests.testGetEmployeeById(EmployeeDDTests.java:38)
at java.base/jdk.internal.reflect.NativeMethodAccessorImpl.invoke0(Native Method)
at java.base/jdk.internal.reflect.NativeMethodAccessorImpl.invoke(NativeMethodAccessorImpl.java:62)
at java.base/jdk.internal.reflect.DelegatingMethodAccessorImpl.invoke(DelegatingMethodAccessorImpl.java:43)
at java.base/java.lang.reflect.Method.invoke(Method.java:566)
at org.testng.internal.invokers.MethodInvocationHelper.invokeMethod(MethodInvocationHelper.java:141)
at org.testng.internal.invokers.TestInvoker.invokeMethod(TestInvoker.java:686)
at org.testng.internal.invokers.TestInvoker.invokeTestMethod(TestInvoker.java:230)
at org.testng.internal.invokers.MethodRunner.runInSequence(MethodRunner.java:63)
at org.testng.internal.invokers.TestInvoker$MethodInvocationAgent.invoke(TestInvoker.java:992)
at org.testng.internal.invokers.TestInvoker.invokeTestMethods(TestInvoker.java:203)
at org.testng.internal.invokers.TestMethodWorker.invokeTestMethods(TestMethodWorker.java:154)
at org.testng.internal.invokers.TestMethodWorker.run(TestMethodWorker.java:134)
at java.base/java.util.ArrayList.forEach(ArrayList.java:1541)
at org.testng.TestRunner.privateRun(TestRunner.java:739)
[...]
at java.base/jdk.internal.reflect.DelegatingMethodAccessorImpl.invoke(DelegatingMethodAccessorImpl.java:43)
at java.base/java.lang.reflect.Method.invoke(Method.java:566)
at org.testng.internal.invokers.MethodInvocationHelper.invokeMethod(MethodInvocationHelper.java:141)
at org.testng.internal.invokers.TestInvoker.invokeMethod(TestInvoker.java:686)
at org.testng.internal.invokers.TestInvoker.invokeTestMethod(TestInvoker.java:230)
at org.testng.internal.invokers.MethodRunner.runInSequence(MethodRunner.java:63)
at org.testng.internal.invokers.TestInvoker$MethodInvocationAgent.invoke(TestInvoker.java:992)
at org.testng.internal.invokers.TestInvoker.invokeTestMethods(TestInvoker.java:203)
at org.testng.internal.invokers.TestMethodWorker.invokeTestMethods(TestMethodWorker.java:154)
at org.testng.internal.invokers.TestMethodWorker.run(TestMethodWorker.java:134)
at java.base/java.util.ArrayList.forEach(ArrayList.java:1541)
at org.testng.TestRunner.privateRun(TestRunner.java:739)
at org.testng.TestRunner.run(TestRunner.java:614)
at org.testng.SuiteRunner.runTest(SuiteRunner.java:421)
at org.testng.SuiteRunner.runSequentially(SuiteRunner.java:413)
at org.testng.SuiteRunner.privateRun(SuiteRunner.java:373)
at org.testng.SuiteRunner.run(SuiteRunner.java:312)
at org.testng.SuiteRunnerWorker.runSuite(SuiteRunnerWorker.java:52)
at org.testng.SuiteRunnerWorker.run(SuiteRunnerWorker.java:95)
at org.testng.TestNG.runSuitesSequentially(TestNG.java:1274)
at org.testng.TestNG.runSuitesLocally(TestNG.java:1208)
at org.testng.TestNG.runSuites(TestNG.java:1112)
at org.testng.TestNG.run(TestNG.java:1079)
at org.testng.remote.AbstractRemoteTestNG.run(AbstractRemoteTestNG.java:115)
at org.testng.remote.RemoteTestNG.initAndRun(RemoteTestNG.java:293)
at org.testng.remote.RemoteTestNG.main(RemoteTestNG.java:91)
]]>
            </full-stacktrace>
          </exception> <!-- java.lang.AssertionError -->
          <reporter-output>
          </reporter-output>
        </test-method> <!-- testDeleteEmployeeById -->
        <test-method signature="testDeleteEmployeeById(java.lang.String)[pri:3, instance:com.bce.api.test.EmployeeDDTests@313ac989]" started-at="2024-06-24T17:16:13 IST" name="testDeleteEmployeeById" data-provider="EmpIds" finished-at="2024-06-24T17:16:13 IST" duration-ms="17" status="FAIL">
          <params>
            <param index="0">
              <value>
                <![CDATA[43]]>
              </value>
            </param>
          </params>
          <exception class="java.lang.AssertionError">
            <message>
              <![CDATA[expected:<404> but was:<200>]]>
            </message>
            <full-stacktrace>
              <![CDATA[java.lang.AssertionError: expected:<404> but was:<200>
at org.testng.AssertJUnit.fail(AssertJUnit.java:65)
at org.testng.AssertJUnit.failNotEquals(AssertJUnit.java:467)
at org.testng.AssertJUnit.assertEquals(AssertJUnit.java:88)
at org.testng.AssertJUnit.assertEquals(AssertJUnit.java:318)
at org.testng.AssertJUnit.assertEquals(AssertJUnit.java:328)
at com.bce.api.test.EmployeeDDTests.testDeleteEmployeeById(EmployeeDDTests.java:46)
at jdk.internal.reflect.GeneratedMethodAccessor137.invoke(Unknown Source)
at java.base/jdk.internal.reflect.DelegatingMethodAccessorImpl.invoke(DelegatingMethodAccessorImpl.java:43)
at java.base/java.lang.reflect.Method.invoke(Method.java:566)
at org.testng.internal.invokers.MethodInvocationHelper.invokeMethod(MethodInvocationHelper.java:141)
at org.testng.internal.invokers.TestInvoker.invokeMethod(TestInvoker.java:686)
at org.testng.internal.invokers.TestInvoker.invokeTestMethod(TestInvoker.java:230)
at org.testng.internal.invokers.MethodRunner.runInSequence(MethodRunner.java:63)
at org.testng.internal.invokers.TestInvoker$MethodInvocationAgent.invoke(TestInvoker.java:992)
at org.testng.internal.invokers.TestInvoker.invokeTestMethods(TestInvoker.java:203)
at org.testng.internal.invokers.TestMethodWorker.invokeTestMethods(TestMethodWorker.java:154)
at org.testng.internal.invokers.TestMethodWorker.run(TestMethodWorker.java:134)
at java.base/java.util.ArrayList.forEach(ArrayList.java:1541)
at org.testng.TestRunner.privateRun(TestRunner.java:739)
at org.testng.TestRunner.run(TestRunner.java:614)
at org.testng.SuiteRunner.runTest(SuiteRunner.java:421)
at org.testng.SuiteRunner.runSequentially(SuiteRunner.java:413)
at org.testng.SuiteRunner.privateRun(SuiteRunner.java:373)
at org.testng.SuiteRunner.run(SuiteRunner.java:312)
at org.testng.SuiteRunnerWorker.runSuite(SuiteRunnerWorker.java:52)
at org.testng.SuiteRunnerWorker.run(SuiteRunnerWorker.java:95)
at org.testng.TestNG.runSuitesSequentially(TestNG.java:1274)
at org.testng.TestNG.runSuitesLocally(TestNG.java:1208)
at org.testng.TestNG.runSuites(TestNG.java:1112)
at org.testng.TestNG.run(TestNG.java:1079)
at org.testng.remote.AbstractRemoteTestNG.run(AbstractRemoteTestNG.java:115)
at org.testng.remote.RemoteTestNG.initAndRun(RemoteTestNG.java:293)
at org.testng.remote.RemoteTestNG.main(RemoteTestNG.java:91)
]]>
            </full-stacktrace>
          </exception> <!-- java.lang.AssertionError -->
          <reporter-output>
          </reporter-output>
        </test-method> <!-- testDeleteEmployeeById -->
        <test-method signature="testDeleteEmployeeById(java.lang.String)[pri:3, instance:com.bce.api.test.EmployeeDDTests@313ac989]" started-at="2024-06-24T17:16:13 IST" name="testDeleteEmployeeById" data-provider="EmpIds" finished-at="2024-06-24T17:16:13 IST" duration-ms="34" status="FAIL">
          <params>
            <param index="0">
              <value>
                <![CDATA[44]]>
              </value>
            </param>
          </params>
          <exception class="java.lang.AssertionError">
            <message>
              <![CDATA[expected:<404> but was:<200>]]>
            </message>
            <full-stacktrace>
              <![CDATA[java.lang.AssertionError: expected:<404> but was:<200>
at org.testng.AssertJUnit.fail(AssertJUnit.java:65)
at org.testng.AssertJUnit.failNotEquals(AssertJUnit.java:467)
at org.testng.AssertJUnit.assertEquals(AssertJUnit.java:88)
at org.testng.AssertJUnit.assertEquals(AssertJUnit.java:318)
at org.testng.AssertJUnit.assertEquals(AssertJUnit.java:328)
at com.bce.api.test.EmployeeDDTests.testDeleteEmployeeById(EmployeeDDTests.java:46)
at jdk.internal.reflect.GeneratedMethodAccessor137.invoke(Unknown Source)
at java.base/jdk.internal.reflect.DelegatingMethodAccessorImpl.invoke(DelegatingMethodAccessorImpl.java:43)
at java.base/java.lang.reflect.Method.invoke(Method.java:566)
at org.testng.internal.invokers.MethodInvocationHelper.invokeMethod(MethodInvocationHelper.java:141)
at org.testng.internal.invokers.TestInvoker.invokeMethod(TestInvoker.java:686)
at org.testng.internal.invokers.TestInvoker.invokeTestMethod(TestInvoker.java:230)
at org.testng.internal.invokers.MethodRunner.runInSequence(MethodRunner.java:63)
at org.testng.internal.invokers.TestInvoker$MethodInvocationAgent.invoke(TestInvoker.java:992)
at org.testng.internal.invokers.TestInvoker.invokeTestMethods(TestInvoker.java:203)
at org.testng.internal.invokers.TestMethodWorker.invokeTestMethods(TestMethodWorker.java:154)
at org.testng.internal.invokers.TestMethodWorker.run(TestMethodWorker.java:134)
at java.base/java.util.ArrayList.forEach(ArrayList.java:1541)
at org.testng.TestRunner.privateRun(TestRunner.java:739)
at org.testng.TestRunner.run(TestRunner.java:614)
at org.testng.SuiteRunner.runTest(SuiteRunner.java:421)
at org.testng.SuiteRunner.runSequentially(SuiteRunner.java:413)
at org.testng.SuiteRunner.privateRun(SuiteRunner.java:373)
at org.testng.SuiteRunner.run(SuiteRunner.java:312)
at org.testng.SuiteRunnerWorker.runSuite(SuiteRunnerWorker.java:52)
at org.testng.SuiteRunnerWorker.run(SuiteRunnerWorker.java:95)
at org.testng.TestNG.runSuitesSequentially(TestNG.java:1274)
at org.testng.TestNG.runSuitesLocally(TestNG.java:1208)
at org.testng.TestNG.runSuites(TestNG.java:1112)
at org.testng.TestNG.run(TestNG.java:1079)
at org.testng.remote.AbstractRemoteTestNG.run(AbstractRemoteTestNG.java:115)
at org.testng.remote.RemoteTestNG.initAndRun(RemoteTestNG.java:293)
at org.testng.remote.RemoteTestNG.main(RemoteTestNG.java:91)
]]>
            </full-stacktrace>
          </exception> <!-- java.lang.AssertionError -->
          <reporter-output>
          </reporter-output>
        </test-method> <!-- testDeleteEmployeeById -->
        <test-method signature="testDeleteEmployeeById(java.lang.String)[pri:3, instance:com.bce.api.test.EmployeeDDTests@313ac989]" started-at="2024-06-24T17:16:13 IST" name="testDeleteEmployeeById" data-provider="EmpIds" finished-at="2024-06-24T17:16:13 IST" duration-ms="18" status="FAIL">
          <params>
            <param index="0">
              <value>
                <![CDATA[45]]>
              </value>
            </param>
          </params>
          <exception class="java.lang.AssertionError">
            <message>
              <![CDATA[expected:<404> but was:<200>]]>
            </message>
            <full-stacktrace>
              <![CDATA[java.lang.AssertionError: expected:<404> but was:<200>
at org.testng.AssertJUnit.fail(AssertJUnit.java:65)
at org.testng.AssertJUnit.failNotEquals(AssertJUnit.java:467)
at org.testng.AssertJUnit.assertEquals(AssertJUnit.java:88)
at org.testng.AssertJUnit.assertEquals(AssertJUnit.java:318)
at org.testng.AssertJUnit.assertEquals(AssertJUnit.java:328)
at com.bce.api.test.EmployeeDDTests.testDeleteEmployeeById(EmployeeDDTests.java:46)
at jdk.internal.reflect.GeneratedMethodAccessor137.invoke(Unknown Source)
at java.base/jdk.internal.reflect.DelegatingMethodAccessorImpl.invoke(DelegatingMethodAccessorImpl.java:43)
at java.base/java.lang.reflect.Method.invoke(Method.java:566)
at org.testng.internal.invokers.MethodInvocationHelper.invokeMethod(MethodInvocationHelper.java:141)
at org.testng.internal.invokers.TestInvoker.invokeMethod(TestInvoker.java:686)
at org.testng.internal.invokers.TestInvoker.invokeTestMethod(TestInvoker.java:230)
at org.testng.internal.invokers.MethodRunner.runInSequence(MethodRunner.java:63)
at org.testng.internal.invokers.TestInvoker$MethodInvocationAgent.invoke(TestInvoker.java:992)
at org.testng.internal.invokers.TestInvoker.invokeTestMethods(TestInvoker.java:203)
at org.testng.internal.invokers.TestMethodWorker.invokeTestMethods(TestMethodWorker.java:154)
at org.testng.internal.invokers.TestMethodWorker.run(TestMethodWorker.java:134)
at java.base/java.util.ArrayList.forEach(ArrayList.java:1541)
at org.testng.TestRunner.privateRun(TestRunner.java:739)
at org.testng.TestRunner.run(TestRunner.java:614)
at org.testng.SuiteRunner.runTest(SuiteRunner.java:421)
at org.testng.SuiteRunner.runSequentially(SuiteRunner.java:413)
at org.testng.SuiteRunner.privateRun(SuiteRunner.java:373)
at org.testng.SuiteRunner.run(SuiteRunner.java:312)
at org.testng.SuiteRunnerWorker.runSuite(SuiteRunnerWorker.java:52)
at org.testng.SuiteRunnerWorker.run(SuiteRunnerWorker.java:95)
at org.testng.TestNG.runSuitesSequentially(TestNG.java:1274)
at org.testng.TestNG.runSuitesLocally(TestNG.java:1208)
at org.testng.TestNG.runSuites(TestNG.java:1112)
at org.testng.TestNG.run(TestNG.java:1079)
at org.testng.remote.AbstractRemoteTestNG.run(AbstractRemoteTestNG.java:115)
at org.testng.remote.RemoteTestNG.initAndRun(RemoteTestNG.java:293)
at org.testng.remote.RemoteTestNG.main(RemoteTestNG.java:91)
]]>
            </full-stacktrace>
          </exception> <!-- java.lang.AssertionError -->
          <reporter-output>
          </reporter-output>
        </test-method> <!-- testDeleteEmployeeById -->
        <test-method signature="testDeleteEmployeeById(java.lang.String)[pri:3, instance:com.bce.api.test.EmployeeDDTests@313ac989]" started-at="2024-06-24T17:16:13 IST" name="testDeleteEmployeeById" data-provider="EmpIds" finished-at="2024-06-24T17:16:13 IST" duration-ms="18" status="FAIL">
          <params>
            <param index="0">
              <value>
                <![CDATA[46]]>
              </value>
            </param>
          </params>
          <exception class="java.lang.AssertionError">
            <message>
              <![CDATA[expected:<404> but was:<200>]]>
            </message>
            <full-stacktrace>
              <![CDATA[java.lang.AssertionError: expected:<404> but was:<200>
at org.testng.AssertJUnit.fail(AssertJUnit.java:65)
at org.testng.AssertJUnit.failNotEquals(AssertJUnit.java:467)
at org.testng.AssertJUnit.assertEquals(AssertJUnit.java:88)
at org.testng.AssertJUnit.assertEquals(AssertJUnit.java:318)
at org.testng.AssertJUnit.assertEquals(AssertJUnit.java:328)
at com.bce.api.test.EmployeeDDTests.testDeleteEmployeeById(EmployeeDDTests.java:46)
at jdk.internal.reflect.GeneratedMethodAccessor137.invoke(Unknown Source)
at java.base/jdk.internal.reflect.DelegatingMethodAccessorImpl.invoke(DelegatingMethodAccessorImpl.java:43)
at java.base/java.lang.reflect.Method.invoke(Method.java:566)
at org.testng.internal.invokers.MethodInvocationHelper.invokeMethod(MethodInvocationHelper.java:141)
at org.testng.internal.invokers.TestInvoker.invokeMethod(TestInvoker.java:686)
at org.testng.internal.invokers.TestInvoker.invokeTestMethod(TestInvoker.java:230)
at org.testng.internal.invokers.MethodRunner.runInSequence(MethodRunner.java:63)
at org.testng.internal.invokers.TestInvoker$MethodInvocationAgent.invoke(TestInvoker.java:992)
at org.testng.internal.invokers.TestInvoker.invokeTestMethods(TestInvoker.java:203)
at org.testng.internal.invokers.TestMethodWorker.invokeTestMethods(TestMethodWorker.java:154)
at org.testng.internal.invokers.TestMethodWorker.run(TestMethodWorker.java:134)
at java.base/java.util.ArrayList.forEach(ArrayList.java:1541)
at org.testng.TestRunner.privateRun(TestRunner.java:739)
at org.testng.TestRunner.run(TestRunner.java:614)
at org.testng.SuiteRunner.runTest(SuiteRunner.java:421)
at org.testng.SuiteRunner.runSequentially(SuiteRunner.java:413)
at org.testng.SuiteRunner.privateRun(SuiteRunner.java:373)
at org.testng.SuiteRunner.run(SuiteRunner.java:312)
at org.testng.SuiteRunnerWorker.runSuite(SuiteRunnerWorker.java:52)
at org.testng.SuiteRunnerWorker.run(SuiteRunnerWorker.java:95)
at org.testng.TestNG.runSuitesSequentially(TestNG.java:1274)
at org.testng.TestNG.runSuitesLocally(TestNG.java:1208)
at org.testng.TestNG.runSuites(TestNG.java:1112)
at org.testng.TestNG.run(TestNG.java:1079)
at org.testng.remote.AbstractRemoteTestNG.run(AbstractRemoteTestNG.java:115)
at org.testng.remote.RemoteTestNG.initAndRun(RemoteTestNG.java:293)
at org.testng.remote.RemoteTestNG.main(RemoteTestNG.java:91)
]]>
            </full-stacktrace>
          </exception> <!-- java.lang.AssertionError -->
          <reporter-output>
          </reporter-output>
        </test-method> <!-- testDeleteEmployeeById -->
        <test-method signature="testDeleteEmployeeById(java.lang.String)[pri:3, instance:com.bce.api.test.EmployeeDDTests@313ac989]" started-at="2024-06-24T17:16:13 IST" name="testDeleteEmployeeById" data-provider="EmpIds" finished-at="2024-06-24T17:16:13 IST" duration-ms="15" status="FAIL">
          <params>
            <param index="0">
              <value>
                <![CDATA[47]]>
              </value>
            </param>
          </params>
          <exception class="java.lang.AssertionError">
            <message>
              <![CDATA[expected:<404> but was:<200>]]>
            </message>
            <full-stacktrace>
              <![CDATA[java.lang.AssertionError: expected:<404> but was:<200>
at org.testng.AssertJUnit.fail(AssertJUnit.java:65)
at org.testng.AssertJUnit.failNotEquals(AssertJUnit.java:467)
at org.testng.AssertJUnit.assertEquals(AssertJUnit.java:88)
at org.testng.AssertJUnit.assertEquals(AssertJUnit.java:318)
at org.testng.AssertJUnit.assertEquals(AssertJUnit.java:328)
at com.bce.api.test.EmployeeDDTests.testDeleteEmployeeById(EmployeeDDTests.java:46)
at jdk.internal.reflect.GeneratedMethodAccessor137.invoke(Unknown Source)
at java.base/jdk.internal.reflect.DelegatingMethodAccessorImpl.invoke(DelegatingMethodAccessorImpl.java:43)
at java.base/java.lang.reflect.Method.invoke(Method.java:566)
at org.testng.internal.invokers.MethodInvocationHelper.invokeMethod(MethodInvocationHelper.java:141)
at org.testng.internal.invokers.TestInvoker.invokeMethod(TestInvoker.java:686)
at org.testng.internal.invokers.TestInvoker.invokeTestMethod(TestInvoker.java:230)
at org.testng.internal.invokers.MethodRunner.runInSequence(MethodRunner.java:63)
at org.testng.internal.invokers.TestInvoker$MethodInvocationAgent.invoke(TestInvoker.java:992)
at org.testng.internal.invokers.TestInvoker.invokeTestMethods(TestInvoker.java:203)
at org.testng.internal.invokers.TestMethodWorker.invokeTestMethods(TestMethodWorker.java:154)
at org.testng.internal.invokers.TestMethodWorker.run(TestMethodWorker.java:134)
at java.base/java.util.ArrayList.forEach(ArrayList.java:1541)
at org.testng.TestRunner.privateRun(TestRunner.java:739)
at org.testng.TestRunner.run(TestRunner.java:614)
at org.testng.SuiteRunner.runTest(SuiteRunner.java:421)
at org.testng.SuiteRunner.runSequentially(SuiteRunner.java:413)
at org.testng.SuiteRunner.privateRun(SuiteRunner.java:373)
at org.testng.SuiteRunner.run(SuiteRunner.java:312)
at org.testng.SuiteRunnerWorker.runSuite(SuiteRunnerWorker.java:52)
at org.testng.SuiteRunnerWorker.run(SuiteRunnerWorker.java:95)
at org.testng.TestNG.runSuitesSequentially(TestNG.java:1274)
at org.testng.TestNG.runSuitesLocally(TestNG.java:1208)
at org.testng.TestNG.runSuites(TestNG.java:1112)
at org.testng.TestNG.run(TestNG.java:1079)
at org.testng.remote.AbstractRemoteTestNG.run(AbstractRemoteTestNG.java:115)
at org.testng.remote.RemoteTestNG.initAndRun(RemoteTestNG.java:293)
at org.testng.remote.RemoteTestNG.main(RemoteTestNG.java:91)
]]>
            </full-stacktrace>
          </exception> <!-- java.lang.AssertionError -->
          <reporter-output>
          </reporter-output>
        </test-method> <!-- testDeleteEmployeeById -->
        <test-method signature="testDeleteAllEmployee()[pri:4, instance:com.bce.api.test.EmployeeDDTests@313ac989]" started-at="2024-06-24T17:16:13 IST" name="testDeleteAllEmployee" finished-at="2024-06-24T17:16:14 IST" duration-ms="116" status="PASS">
          <reporter-output>
          </reporter-output>
        </test-method> <!-- testDeleteAllEmployee -->
        <test-method signature="testDeleteAllEmployeeFromDB()[pri:4, instance:com.bce.api.test.EmployeeDDTests@313ac989]" started-at="2024-06-24T17:16:14 IST" name="testDeleteAllEmployeeFromDB" finished-at="2024-06-24T17:16:14 IST" duration-ms="275" status="PASS">
          <reporter-output>
          </reporter-output>
        </test-method> <!-- testDeleteAllEmployeeFromDB -->
      </class> <!-- com.bce.api.test.EmployeeDDTests -->
      <class name="com.bce.api.test.EmployeeTests">
        <test-method is-config="true" signature="setup()[pri:0, instance:com.bce.api.test.EmployeeTests@6025e1b6]" started-at="2024-06-24T17:16:14 IST" name="setup" finished-at="2024-06-24T17:16:14 IST" duration-ms="681" status="PASS">
          <reporter-output>
          </reporter-output>
        </test-method> <!-- setup -->
        <test-method signature="testGetAllEmployee()[pri:0, instance:com.bce.api.test.EmployeeTests@6025e1b6]" started-at="2024-06-24T17:16:14 IST" name="testGetAllEmployee" finished-at="2024-06-24T17:16:15 IST" duration-ms="25" status="PASS">
          <reporter-output>
          </reporter-output>
        </test-method> <!-- testGetAllEmployee -->
        <test-method signature="testCreateEmployee()[pri:1, instance:com.bce.api.test.EmployeeTests@6025e1b6]" started-at="2024-06-24T17:16:15 IST" name="testCreateEmployee" finished-at="2024-06-24T17:16:15 IST" duration-ms="30" status="PASS">
          <reporter-output>
          </reporter-output>
        </test-method> <!-- testCreateEmployee -->
      </class> <!-- com.bce.api.test.EmployeeTests -->
    </test> <!-- Test -->
  </suite> <!-- Suite -->
</testng-results>
